{"D:\\Hack to Skill\\server\\database.ts": {"path":"D:\\Hack to Skill\\server\\database.ts","statementMap":{"0":{"start":{"line":43,"column":28},"end":{"line":77,"column":2}},"1":{"start":{"line":79,"column":26},"end":{"line":84,"column":2}},"2":{"start":{"line":86,"column":44},"end":{"line":95,"column":2}},"3":{"start":{"line":98,"column":28},"end":{"line":98,"column":43}},"4":{"start":{"line":98,"column":34},"end":{"line":98,"column":43}},"5":{"start":{"line":98,"column":13},"end":{"line":98,"column":28}},"6":{"start":{"line":100,"column":27},"end":{"line":120,"column":1}},"7":{"start":{"line":101,"column":16},"end":{"line":101,"column":62}},"8":{"start":{"line":102,"column":32},"end":{"line":107,"column":4}},"9":{"start":{"line":108,"column":2},"end":{"line":108,"column":33}},"10":{"start":{"line":111,"column":2},"end":{"line":117,"column":3}},"11":{"start":{"line":112,"column":18},"end":{"line":112,"column":52}},"12":{"start":{"line":112,"column":34},"end":{"line":112,"column":51}},"13":{"start":{"line":113,"column":4},"end":{"line":116,"column":5}},"14":{"start":{"line":114,"column":6},"end":{"line":114,"column":35}},"15":{"start":{"line":115,"column":6},"end":{"line":115,"column":27}},"16":{"start":{"line":119,"column":2},"end":{"line":119,"column":21}},"17":{"start":{"line":100,"column":13},"end":{"line":100,"column":27}},"18":{"start":{"line":122,"column":36},"end":{"line":129,"column":1}},"19":{"start":{"line":123,"column":19},"end":{"line":123,"column":51}},"20":{"start":{"line":123,"column":39},"end":{"line":123,"column":50}},"21":{"start":{"line":124,"column":2},"end":{"line":127,"column":3}},"22":{"start":{"line":125,"column":4},"end":{"line":125,"column":29}},"23":{"start":{"line":126,"column":4},"end":{"line":126,"column":20}},"24":{"start":{"line":128,"column":2},"end":{"line":128,"column":14}},"25":{"start":{"line":122,"column":13},"end":{"line":122,"column":36}},"26":{"start":{"line":131,"column":24},"end":{"line":156,"column":1}},"27":{"start":{"line":133,"column":2},"end":{"line":155,"column":5}},"28":{"start":{"line":134,"column":24},"end":{"line":134,"column":58}},"29":{"start":{"line":135,"column":20},"end":{"line":135,"column":61}},"30":{"start":{"line":136,"column":20},"end":{"line":136,"column":31}},"31":{"start":{"line":137,"column":18},"end":{"line":137,"column":68}},"32":{"start":{"line":138,"column":4},"end":{"line":138,"column":50}},"33":{"start":{"line":140,"column":4},"end":{"line":146,"column":5}},"34":{"start":{"line":141,"column":6},"end":{"line":141,"column":32}},"35":{"start":{"line":142,"column":11},"end":{"line":146,"column":5}},"36":{"start":{"line":143,"column":6},"end":{"line":143,"column":27}},"37":{"start":{"line":145,"column":6},"end":{"line":145,"column":27}},"38":{"start":{"line":148,"column":4},"end":{"line":154,"column":6}},"39":{"start":{"line":131,"column":13},"end":{"line":131,"column":24}},"40":{"start":{"line":158,"column":33},"end":{"line":164,"column":1}},"41":{"start":{"line":160,"column":2},"end":{"line":160,"column":70}},"42":{"start":{"line":161,"column":2},"end":{"line":161,"column":71}},"43":{"start":{"line":162,"column":2},"end":{"line":162,"column":62}},"44":{"start":{"line":163,"column":2},"end":{"line":163,"column":24}},"45":{"start":{"line":158,"column":13},"end":{"line":158,"column":33}},"46":{"start":{"line":166,"column":33},"end":{"line":182,"column":1}},"47":{"start":{"line":167,"column":23},"end":{"line":167,"column":33}},"48":{"start":{"line":168,"column":27},"end":{"line":168,"column":41}},"49":{"start":{"line":169,"column":23},"end":{"line":169,"column":88}},"50":{"start":{"line":169,"column":55},"end":{"line":169,"column":71}},"51":{"start":{"line":170,"column":24},"end":{"line":170,"column":84}},"52":{"start":{"line":170,"column":53},"end":{"line":170,"column":76}},"53":{"start":{"line":173,"column":18},"end":{"line":173,"column":105}},"54":{"start":{"line":173,"column":61},"end":{"line":173,"column":78}},"55":{"start":{"line":175,"column":2},"end":{"line":181,"column":4}},"56":{"start":{"line":166,"column":13},"end":{"line":166,"column":33}}},"fnMap":{"0":{"name":"(anonymous_0)","decl":{"start":{"line":98,"column":28},"end":{"line":98,"column":31}},"loc":{"start":{"line":98,"column":34},"end":{"line":98,"column":43}}},"1":{"name":"(anonymous_1)","decl":{"start":{"line":100,"column":27},"end":{"line":100,"column":28}},"loc":{"start":{"line":100,"column":92},"end":{"line":120,"column":1}}},"2":{"name":"(anonymous_2)","decl":{"start":{"line":112,"column":29},"end":{"line":112,"column":30}},"loc":{"start":{"line":112,"column":34},"end":{"line":112,"column":51}}},"3":{"name":"(anonymous_3)","decl":{"start":{"line":122,"column":36},"end":{"line":122,"column":37}},"loc":{"start":{"line":122,"column":98},"end":{"line":129,"column":1}}},"4":{"name":"(anonymous_4)","decl":{"start":{"line":123,"column":34},"end":{"line":123,"column":35}},"loc":{"start":{"line":123,"column":39},"end":{"line":123,"column":50}}},"5":{"name":"(anonymous_5)","decl":{"start":{"line":131,"column":24},"end":{"line":131,"column":27}},"loc":{"start":{"line":131,"column":29},"end":{"line":156,"column":1}}},"6":{"name":"(anonymous_6)","decl":{"start":{"line":133,"column":19},"end":{"line":133,"column":23}},"loc":{"start":{"line":133,"column":26},"end":{"line":155,"column":3}}},"7":{"name":"(anonymous_7)","decl":{"start":{"line":158,"column":33},"end":{"line":158,"column":36}},"loc":{"start":{"line":158,"column":38},"end":{"line":164,"column":1}}},"8":{"name":"(anonymous_8)","decl":{"start":{"line":166,"column":33},"end":{"line":166,"column":36}},"loc":{"start":{"line":166,"column":38},"end":{"line":182,"column":1}}},"9":{"name":"(anonymous_9)","decl":{"start":{"line":169,"column":43},"end":{"line":169,"column":44}},"loc":{"start":{"line":169,"column":55},"end":{"line":169,"column":71}}},"10":{"name":"(anonymous_10)","decl":{"start":{"line":170,"column":48},"end":{"line":170,"column":49}},"loc":{"start":{"line":170,"column":53},"end":{"line":170,"column":76}}},"11":{"name":"(anonymous_11)","decl":{"start":{"line":173,"column":49},"end":{"line":173,"column":50}},"loc":{"start":{"line":173,"column":61},"end":{"line":173,"column":78}}}},"branchMap":{"0":{"loc":{"start":{"line":111,"column":2},"end":{"line":117,"column":3}},"type":"if","locations":[{"start":{"line":111,"column":2},"end":{"line":117,"column":3}}]},"1":{"loc":{"start":{"line":111,"column":6},"end":{"line":111,"column":121}},"type":"binary-expr","locations":[{"start":{"line":111,"column":6},"end":{"line":111,"column":60}},{"start":{"line":111,"column":64},"end":{"line":111,"column":121}}]},"2":{"loc":{"start":{"line":113,"column":4},"end":{"line":116,"column":5}},"type":"if","locations":[{"start":{"line":113,"column":4},"end":{"line":116,"column":5}}]},"3":{"loc":{"start":{"line":124,"column":2},"end":{"line":127,"column":3}},"type":"if","locations":[{"start":{"line":124,"column":2},"end":{"line":127,"column":3}}]},"4":{"loc":{"start":{"line":140,"column":4},"end":{"line":146,"column":5}},"type":"if","locations":[{"start":{"line":140,"column":4},"end":{"line":146,"column":5}},{"start":{"line":142,"column":11},"end":{"line":146,"column":5}}]},"5":{"loc":{"start":{"line":142,"column":11},"end":{"line":146,"column":5}},"type":"if","locations":[{"start":{"line":142,"column":11},"end":{"line":146,"column":5}},{"start":{"line":144,"column":11},"end":{"line":146,"column":5}}]},"6":{"loc":{"start":{"line":177,"column":18},"end":{"line":177,"column":38}},"type":"cond-expr","locations":[{"start":{"line":177,"column":33},"end":{"line":177,"column":34}},{"start":{"line":177,"column":37},"end":{"line":177,"column":38}}]}},"s":{"0":2,"1":2,"2":2,"3":2,"4":8,"5":2,"6":2,"7":4,"8":4,"9":4,"10":4,"11":1,"12":3,"13":1,"14":1,"15":1,"16":4,"17":2,"18":2,"19":3,"20":7,"21":3,"22":2,"23":2,"24":1,"25":2,"26":2,"27":10,"28":40,"29":40,"30":40,"31":40,"32":40,"33":40,"34":10,"35":30,"36":10,"37":20,"38":40,"39":2,"40":2,"41":3,"42":3,"43":3,"44":3,"45":2,"46":2,"47":4,"48":4,"49":4,"50":16,"51":4,"52":25,"53":4,"54":16,"55":4,"56":2},"f":{"0":8,"1":4,"2":3,"3":3,"4":7,"5":10,"6":40,"7":3,"8":4,"9":16,"10":25,"11":16},"b":{"0":[1],"1":[4,3],"2":[1],"3":[2],"4":[10,30],"5":[10,20],"6":[0,4]}}
,"D:\\Hack to Skill\\server\\gemini.ts": {"path":"D:\\Hack to Skill\\server\\gemini.ts","statementMap":{"0":{"start":{"line":1,"column":0},"end":{"line":1,"column":59}},"1":{"start":{"line":2,"column":0},"end":{"line":2,"column":33}},"2":{"start":{"line":3,"column":0},"end":{"line":3,"column":61}},"3":{"start":{"line":5,"column":0},"end":{"line":5,"column":16}},"4":{"start":{"line":7,"column":15},"end":{"line":7,"column":41}},"5":{"start":{"line":8,"column":39},"end":{"line":8,"column":43}},"6":{"start":{"line":11,"column":0},"end":{"line":20,"column":1}},"7":{"start":{"line":12,"column":2},"end":{"line":17,"column":3}},"8":{"start":{"line":13,"column":4},"end":{"line":13,"column":43}},"9":{"start":{"line":14,"column":4},"end":{"line":14,"column":68}},"10":{"start":{"line":16,"column":4},"end":{"line":16,"column":67}},"11":{"start":{"line":19,"column":2},"end":{"line":19,"column":81}},"12":{"start":{"line":22,"column":27},"end":{"line":43,"column":2}},"13":{"start":{"line":46,"column":25},"end":{"line":128,"column":1}},"14":{"start":{"line":47,"column":16},"end":{"line":47,"column":36}},"15":{"start":{"line":49,"column":2},"end":{"line":65,"column":3}},"16":{"start":{"line":50,"column":18},"end":{"line":50,"column":37}},"17":{"start":{"line":51,"column":28},"end":{"line":51,"column":79}},"18":{"start":{"line":51,"column":55},"end":{"line":51,"column":78}},"19":{"start":{"line":52,"column":4},"end":{"line":64,"column":97}},"20":{"start":{"line":60,"column":44},"end":{"line":60,"column":64}},"21":{"start":{"line":61,"column":45},"end":{"line":61,"column":66}},"22":{"start":{"line":67,"column":2},"end":{"line":75,"column":3}},"23":{"start":{"line":68,"column":4},"end":{"line":74,"column":103}},"24":{"start":{"line":77,"column":2},"end":{"line":82,"column":3}},"25":{"start":{"line":78,"column":4},"end":{"line":81,"column":83}},"26":{"start":{"line":84,"column":2},"end":{"line":90,"column":3}},"27":{"start":{"line":85,"column":4},"end":{"line":89,"column":59}},"28":{"start":{"line":92,"column":2},"end":{"line":98,"column":3}},"29":{"start":{"line":93,"column":4},"end":{"line":97,"column":68}},"30":{"start":{"line":100,"column":2},"end":{"line":114,"column":3}},"31":{"start":{"line":101,"column":4},"end":{"line":107,"column":5}},"32":{"start":{"line":102,"column":6},"end":{"line":106,"column":82}},"33":{"start":{"line":108,"column":4},"end":{"line":113,"column":58}},"34":{"start":{"line":116,"column":2},"end":{"line":122,"column":3}},"35":{"start":{"line":117,"column":4},"end":{"line":121,"column":45}},"36":{"start":{"line":124,"column":2},"end":{"line":127,"column":129}},"37":{"start":{"line":131,"column":38},"end":{"line":165,"column":1}},"38":{"start":{"line":132,"column":2},"end":{"line":136,"column":3}},"39":{"start":{"line":134,"column":4},"end":{"line":134,"column":59}},"40":{"start":{"line":134,"column":33},"end":{"line":134,"column":57}},"41":{"start":{"line":135,"column":4},"end":{"line":135,"column":42}},"42":{"start":{"line":138,"column":2},"end":{"line":164,"column":3}},"43":{"start":{"line":139,"column":18},"end":{"line":142,"column":6}},"44":{"start":{"line":145,"column":22},"end":{"line":145,"column":28}},"45":{"start":{"line":146,"column":4},"end":{"line":156,"column":5}},"46":{"start":{"line":147,"column":20},"end":{"line":147,"column":39}},"47":{"start":{"line":148,"column":28},"end":{"line":148,"column":79}},"48":{"start":{"line":148,"column":55},"end":{"line":148,"column":78}},"49":{"start":{"line":149,"column":6},"end":{"line":155,"column":8}},"50":{"start":{"line":158,"column":19},"end":{"line":158,"column":59}},"51":{"start":{"line":159,"column":17},"end":{"line":159,"column":39}},"52":{"start":{"line":160,"column":4},"end":{"line":160,"column":16}},"53":{"start":{"line":162,"column":4},"end":{"line":162,"column":79}},"54":{"start":{"line":163,"column":4},"end":{"line":163,"column":42}},"55":{"start":{"line":131,"column":13},"end":{"line":131,"column":38}}},"fnMap":{"0":{"name":"(anonymous_0)","decl":{"start":{"line":46,"column":25},"end":{"line":46,"column":26}},"loc":{"start":{"line":46,"column":66},"end":{"line":128,"column":1}}},"1":{"name":"(anonymous_1)","decl":{"start":{"line":51,"column":50},"end":{"line":51,"column":51}},"loc":{"start":{"line":51,"column":55},"end":{"line":51,"column":78}}},"2":{"name":"(anonymous_2)","decl":{"start":{"line":60,"column":39},"end":{"line":60,"column":40}},"loc":{"start":{"line":60,"column":44},"end":{"line":60,"column":64}}},"3":{"name":"(anonymous_3)","decl":{"start":{"line":61,"column":40},"end":{"line":61,"column":41}},"loc":{"start":{"line":61,"column":45},"end":{"line":61,"column":66}}},"4":{"name":"(anonymous_4)","decl":{"start":{"line":131,"column":38},"end":{"line":131,"column":43}},"loc":{"start":{"line":131,"column":102},"end":{"line":165,"column":1}}},"5":{"name":"(anonymous_5)","decl":{"start":{"line":134,"column":22},"end":{"line":134,"column":29}},"loc":{"start":{"line":134,"column":33},"end":{"line":134,"column":57}}},"6":{"name":"(anonymous_6)","decl":{"start":{"line":148,"column":50},"end":{"line":148,"column":51}},"loc":{"start":{"line":148,"column":55},"end":{"line":148,"column":78}}}},"branchMap":{"0":{"loc":{"start":{"line":11,"column":0},"end":{"line":20,"column":1}},"type":"if","locations":[{"start":{"line":11,"column":0},"end":{"line":20,"column":1}},{"start":{"line":18,"column":7},"end":{"line":20,"column":1}}]},"1":{"loc":{"start":{"line":11,"column":4},"end":{"line":11,"column":75}},"type":"binary-expr","locations":[{"start":{"line":11,"column":4},"end":{"line":11,"column":10}},{"start":{"line":11,"column":14},"end":{"line":11,"column":51}},{"start":{"line":11,"column":55},"end":{"line":11,"column":75}}]},"2":{"loc":{"start":{"line":49,"column":2},"end":{"line":65,"column":3}},"type":"if","locations":[{"start":{"line":49,"column":2},"end":{"line":65,"column":3}}]},"3":{"loc":{"start":{"line":49,"column":6},"end":{"line":49,"column":132}},"type":"binary-expr","locations":[{"start":{"line":49,"column":6},"end":{"line":49,"column":22}},{"start":{"line":49,"column":26},"end":{"line":49,"column":61}},{"start":{"line":49,"column":65},"end":{"line":49,"column":100}},{"start":{"line":49,"column":104},"end":{"line":49,"column":132}}]},"4":{"loc":{"start":{"line":60,"column":16},"end":{"line":60,"column":99}},"type":"binary-expr","locations":[{"start":{"line":60,"column":16},"end":{"line":60,"column":81}},{"start":{"line":60,"column":85},"end":{"line":60,"column":99}}]},"5":{"loc":{"start":{"line":61,"column":17},"end":{"line":61,"column":101}},"type":"binary-expr","locations":[{"start":{"line":61,"column":17},"end":{"line":61,"column":83}},{"start":{"line":61,"column":87},"end":{"line":61,"column":101}}]},"6":{"loc":{"start":{"line":67,"column":2},"end":{"line":75,"column":3}},"type":"if","locations":[{"start":{"line":67,"column":2},"end":{"line":75,"column":3}}]},"7":{"loc":{"start":{"line":67,"column":6},"end":{"line":67,"column":88}},"type":"binary-expr","locations":[{"start":{"line":67,"column":6},"end":{"line":67,"column":28}},{"start":{"line":67,"column":32},"end":{"line":67,"column":55}},{"start":{"line":67,"column":59},"end":{"line":67,"column":88}}]},"8":{"loc":{"start":{"line":77,"column":2},"end":{"line":82,"column":3}},"type":"if","locations":[{"start":{"line":77,"column":2},"end":{"line":82,"column":3}}]},"9":{"loc":{"start":{"line":77,"column":6},"end":{"line":77,"column":90}},"type":"binary-expr","locations":[{"start":{"line":77,"column":6},"end":{"line":77,"column":32}},{"start":{"line":77,"column":36},"end":{"line":77,"column":62}},{"start":{"line":77,"column":66},"end":{"line":77,"column":90}}]},"10":{"loc":{"start":{"line":84,"column":2},"end":{"line":90,"column":3}},"type":"if","locations":[{"start":{"line":84,"column":2},"end":{"line":90,"column":3}}]},"11":{"loc":{"start":{"line":84,"column":6},"end":{"line":84,"column":65}},"type":"binary-expr","locations":[{"start":{"line":84,"column":6},"end":{"line":84,"column":30}},{"start":{"line":84,"column":34},"end":{"line":84,"column":65}}]},"12":{"loc":{"start":{"line":92,"column":2},"end":{"line":98,"column":3}},"type":"if","locations":[{"start":{"line":92,"column":2},"end":{"line":98,"column":3}}]},"13":{"loc":{"start":{"line":92,"column":6},"end":{"line":92,"column":106}},"type":"binary-expr","locations":[{"start":{"line":92,"column":6},"end":{"line":92,"column":28}},{"start":{"line":92,"column":32},"end":{"line":92,"column":53}},{"start":{"line":92,"column":57},"end":{"line":92,"column":81}},{"start":{"line":92,"column":85},"end":{"line":92,"column":106}}]},"14":{"loc":{"start":{"line":100,"column":2},"end":{"line":114,"column":3}},"type":"if","locations":[{"start":{"line":100,"column":2},"end":{"line":114,"column":3}}]},"15":{"loc":{"start":{"line":100,"column":6},"end":{"line":100,"column":147}},"type":"binary-expr","locations":[{"start":{"line":100,"column":6},"end":{"line":100,"column":33}},{"start":{"line":100,"column":37},"end":{"line":100,"column":62}},{"start":{"line":100,"column":66},"end":{"line":100,"column":89}},{"start":{"line":100,"column":93},"end":{"line":100,"column":117}},{"start":{"line":100,"column":121},"end":{"line":100,"column":147}}]},"16":{"loc":{"start":{"line":101,"column":4},"end":{"line":107,"column":5}},"type":"if","locations":[{"start":{"line":101,"column":4},"end":{"line":107,"column":5}}]},"17":{"loc":{"start":{"line":101,"column":8},"end":{"line":101,"column":61}},"type":"binary-expr","locations":[{"start":{"line":101,"column":8},"end":{"line":101,"column":30}},{"start":{"line":101,"column":34},"end":{"line":101,"column":61}}]},"18":{"loc":{"start":{"line":116,"column":2},"end":{"line":122,"column":3}},"type":"if","locations":[{"start":{"line":116,"column":2},"end":{"line":122,"column":3}}]},"19":{"loc":{"start":{"line":116,"column":6},"end":{"line":116,"column":144}},"type":"binary-expr","locations":[{"start":{"line":116,"column":6},"end":{"line":116,"column":33}},{"start":{"line":116,"column":37},"end":{"line":116,"column":59}},{"start":{"line":116,"column":63},"end":{"line":116,"column":88}},{"start":{"line":116,"column":92},"end":{"line":116,"column":116}},{"start":{"line":116,"column":120},"end":{"line":116,"column":144}}]},"20":{"loc":{"start":{"line":131,"column":61},"end":{"line":131,"column":81}},"type":"default-arg","locations":[{"start":{"line":131,"column":76},"end":{"line":131,"column":81}}]},"21":{"loc":{"start":{"line":132,"column":2},"end":{"line":136,"column":3}},"type":"if","locations":[{"start":{"line":132,"column":2},"end":{"line":136,"column":3}}]},"22":{"loc":{"start":{"line":146,"column":4},"end":{"line":156,"column":5}},"type":"if","locations":[{"start":{"line":146,"column":4},"end":{"line":156,"column":5}}]},"23":{"loc":{"start":{"line":146,"column":8},"end":{"line":146,"column":162}},"type":"binary-expr","locations":[{"start":{"line":146,"column":8},"end":{"line":146,"column":24}},{"start":{"line":146,"column":29},"end":{"line":146,"column":71}},{"start":{"line":146,"column":75},"end":{"line":146,"column":114}},{"start":{"line":146,"column":118},"end":{"line":146,"column":161}}]}},"s":{"0":1,"1":1,"2":1,"3":1,"4":1,"5":1,"6":1,"7":0,"8":0,"9":0,"10":0,"11":1,"12":1,"13":1,"14":0,"15":0,"16":0,"17":0,"18":0,"19":0,"20":0,"21":0,"22":0,"23":0,"24":0,"25":0,"26":0,"27":0,"28":0,"29":0,"30":0,"31":0,"32":0,"33":0,"34":0,"35":0,"36":0,"37":1,"38":0,"39":0,"40":0,"41":0,"42":0,"43":0,"44":0,"45":0,"46":0,"47":0,"48":0,"49":0,"50":0,"51":0,"52":0,"53":0,"54":0,"55":1},"f":{"0":0,"1":0,"2":0,"3":0,"4":0,"5":0,"6":0},"b":{"0":[0,1],"1":[1,0,0],"2":[0],"3":[0,0,0,0],"4":[0,0],"5":[0,0],"6":[0],"7":[0,0,0],"8":[0],"9":[0,0,0],"10":[0],"11":[0,0],"12":[0],"13":[0,0,0,0],"14":[0],"15":[0,0,0,0,0],"16":[0],"17":[0,0],"18":[0],"19":[0,0,0,0,0],"20":[0],"21":[0],"22":[0],"23":[0,0,0,0]}}
,"D:\\Hack to Skill\\server\\index.ts": {"path":"D:\\Hack to Skill\\server\\index.ts","statementMap":{"0":{"start":{"line":1,"column":0},"end":{"line":1,"column":30}},"1":{"start":{"line":2,"column":0},"end":{"line":2,"column":24}},"2":{"start":{"line":3,"column":0},"end":{"line":3,"column":28}},"3":{"start":{"line":4,"column":0},"end":{"line":4,"column":43}},"4":{"start":{"line":5,"column":0},"end":{"line":5,"column":28}},"5":{"start":{"line":6,"column":0},"end":{"line":6,"column":null}},"6":{"start":{"line":14,"column":0},"end":{"line":14,"column":50}},"7":{"start":{"line":16,"column":0},"end":{"line":16,"column":16}},"8":{"start":{"line":18,"column":12},"end":{"line":18,"column":21}},"9":{"start":{"line":19,"column":13},"end":{"line":19,"column":37}},"10":{"start":{"line":23,"column":0},"end":{"line":43,"column":4}},"11":{"start":{"line":46,"column":23},"end":{"line":48,"column":79}},"12":{"start":{"line":50,"column":0},"end":{"line":65,"column":4}},"13":{"start":{"line":53,"column":4},"end":{"line":53,"column":45}},"14":{"start":{"line":53,"column":17},"end":{"line":53,"column":45}},"15":{"start":{"line":55,"column":4},"end":{"line":59,"column":5}},"16":{"start":{"line":56,"column":6},"end":{"line":56,"column":27}},"17":{"start":{"line":58,"column":6},"end":{"line":58,"column":64}},"18":{"start":{"line":68,"column":26},"end":{"line":75,"column":2}},"19":{"start":{"line":74,"column":25},"end":{"line":74,"column":31}},"20":{"start":{"line":77,"column":24},"end":{"line":83,"column":2}},"21":{"start":{"line":85,"column":23},"end":{"line":91,"column":2}},"22":{"start":{"line":93,"column":0},"end":{"line":93,"column":33}},"23":{"start":{"line":96,"column":0},"end":{"line":100,"column":4}},"24":{"start":{"line":103,"column":0},"end":{"line":115,"column":3}},"25":{"start":{"line":105,"column":2},"end":{"line":107,"column":3}},"26":{"start":{"line":106,"column":4},"end":{"line":106,"column":67}},"27":{"start":{"line":110,"column":2},"end":{"line":110,"column":73}},"28":{"start":{"line":111,"column":2},"end":{"line":111,"column":72}},"29":{"start":{"line":112,"column":2},"end":{"line":112,"column":38}},"30":{"start":{"line":114,"column":2},"end":{"line":114,"column":9}},"31":{"start":{"line":118,"column":20},"end":{"line":127,"column":1}},"32":{"start":{"line":119,"column":2},"end":{"line":119,"column":41}},"33":{"start":{"line":119,"column":31},"end":{"line":119,"column":41}},"34":{"start":{"line":122,"column":2},"end":{"line":126,"column":22}},"35":{"start":{"line":129,"column":29},"end":{"line":131,"column":1}},"36":{"start":{"line":130,"column":2},"end":{"line":130,"column":75}},"37":{"start":{"line":133,"column":25},"end":{"line":135,"column":1}},"38":{"start":{"line":134,"column":2},"end":{"line":134,"column":66}},"39":{"start":{"line":138,"column":30},"end":{"line":171,"column":1}},"40":{"start":{"line":139,"column":71},"end":{"line":139,"column":79}},"41":{"start":{"line":142,"column":2},"end":{"line":147,"column":3}},"42":{"start":{"line":143,"column":4},"end":{"line":146,"column":7}},"43":{"start":{"line":150,"column":2},"end":{"line":155,"column":3}},"44":{"start":{"line":151,"column":4},"end":{"line":154,"column":7}},"45":{"start":{"line":157,"column":2},"end":{"line":162,"column":3}},"46":{"start":{"line":158,"column":4},"end":{"line":161,"column":7}},"47":{"start":{"line":165,"column":21},"end":{"line":165,"column":49}},"48":{"start":{"line":166,"column":2},"end":{"line":168,"column":3}},"49":{"start":{"line":167,"column":4},"end":{"line":167,"column":88}},"50":{"start":{"line":170,"column":2},"end":{"line":170,"column":9}},"51":{"start":{"line":176,"column":0},"end":{"line":196,"column":3}},"52":{"start":{"line":177,"column":17},"end":{"line":177,"column":51}},"53":{"start":{"line":178,"column":15},"end":{"line":178,"column":55}},"54":{"start":{"line":180,"column":2},"end":{"line":182,"column":3}},"55":{"start":{"line":181,"column":4},"end":{"line":181,"column":88}},"56":{"start":{"line":184,"column":2},"end":{"line":195,"column":3}},"57":{"start":{"line":185,"column":23},"end":{"line":185,"column":65}},"58":{"start":{"line":186,"column":4},"end":{"line":190,"column":7}},"59":{"start":{"line":193,"column":4},"end":{"line":193,"column":54}},"60":{"start":{"line":194,"column":4},"end":{"line":194,"column":74}},"61":{"start":{"line":199,"column":0},"end":{"line":211,"column":3}},"62":{"start":{"line":200,"column":2},"end":{"line":210,"column":3}},"63":{"start":{"line":201,"column":17},"end":{"line":201,"column":31}},"64":{"start":{"line":202,"column":4},"end":{"line":206,"column":7}},"65":{"start":{"line":208,"column":4},"end":{"line":208,"column":52}},"66":{"start":{"line":209,"column":4},"end":{"line":209,"column":68}},"67":{"start":{"line":213,"column":0},"end":{"line":237,"column":3}},"68":{"start":{"line":214,"column":16},"end":{"line":214,"column":48}},"69":{"start":{"line":215,"column":22},"end":{"line":215,"column":60}},"70":{"start":{"line":216,"column":15},"end":{"line":216,"column":83}},"71":{"start":{"line":217,"column":19},"end":{"line":217,"column":53}},"72":{"start":{"line":218,"column":19},"end":{"line":218,"column":78}},"73":{"start":{"line":219,"column":21},"end":{"line":219,"column":58}},"74":{"start":{"line":221,"column":2},"end":{"line":236,"column":3}},"75":{"start":{"line":222,"column":24},"end":{"line":222,"column":97}},"76":{"start":{"line":225,"column":4},"end":{"line":227,"column":5}},"77":{"start":{"line":226,"column":6},"end":{"line":226,"column":86}},"78":{"start":{"line":229,"column":4},"end":{"line":232,"column":7}},"79":{"start":{"line":234,"column":4},"end":{"line":234,"column":61}},"80":{"start":{"line":235,"column":4},"end":{"line":235,"column":65}},"81":{"start":{"line":239,"column":0},"end":{"line":269,"column":3}},"82":{"start":{"line":240,"column":17},"end":{"line":240,"column":27}},"83":{"start":{"line":241,"column":21},"end":{"line":241,"column":29}},"84":{"start":{"line":244,"column":2},"end":{"line":246,"column":3}},"85":{"start":{"line":245,"column":4},"end":{"line":245,"column":73}},"86":{"start":{"line":248,"column":2},"end":{"line":253,"column":3}},"87":{"start":{"line":249,"column":4},"end":{"line":252,"column":7}},"88":{"start":{"line":255,"column":2},"end":{"line":268,"column":3}},"89":{"start":{"line":256,"column":20},"end":{"line":256,"column":52}},"90":{"start":{"line":257,"column":4},"end":{"line":259,"column":5}},"91":{"start":{"line":258,"column":6},"end":{"line":258,"column":67}},"92":{"start":{"line":261,"column":4},"end":{"line":264,"column":7}},"93":{"start":{"line":266,"column":4},"end":{"line":266,"column":59}},"94":{"start":{"line":267,"column":4},"end":{"line":267,"column":72}},"95":{"start":{"line":272,"column":0},"end":{"line":284,"column":3}},"96":{"start":{"line":273,"column":2},"end":{"line":283,"column":3}},"97":{"start":{"line":274,"column":18},"end":{"line":274,"column":28}},"98":{"start":{"line":275,"column":4},"end":{"line":279,"column":7}},"99":{"start":{"line":281,"column":4},"end":{"line":281,"column":54}},"100":{"start":{"line":282,"column":4},"end":{"line":282,"column":69}},"101":{"start":{"line":287,"column":0},"end":{"line":298,"column":3}},"102":{"start":{"line":288,"column":2},"end":{"line":297,"column":3}},"103":{"start":{"line":289,"column":27},"end":{"line":289,"column":46}},"104":{"start":{"line":290,"column":4},"end":{"line":293,"column":7}},"105":{"start":{"line":295,"column":4},"end":{"line":295,"column":63}},"106":{"start":{"line":296,"column":4},"end":{"line":296,"column":78}},"107":{"start":{"line":301,"column":0},"end":{"line":313,"column":3}},"108":{"start":{"line":302,"column":2},"end":{"line":312,"column":3}},"109":{"start":{"line":303,"column":18},"end":{"line":303,"column":37}},"110":{"start":{"line":304,"column":4},"end":{"line":308,"column":7}},"111":{"start":{"line":310,"column":4},"end":{"line":310,"column":59}},"112":{"start":{"line":311,"column":4},"end":{"line":311,"column":79}},"113":{"start":{"line":316,"column":0},"end":{"line":328,"column":3}},"114":{"start":{"line":317,"column":2},"end":{"line":327,"column":5}},"115":{"start":{"line":331,"column":0},"end":{"line":343,"column":3}},"116":{"start":{"line":332,"column":2},"end":{"line":332,"column":51}},"117":{"start":{"line":335,"column":24},"end":{"line":335,"column":61}},"118":{"start":{"line":337,"column":2},"end":{"line":342,"column":5}},"119":{"start":{"line":346,"column":0},"end":{"line":352,"column":3}},"120":{"start":{"line":347,"column":2},"end":{"line":351,"column":5}},"121":{"start":{"line":355,"column":0},"end":{"line":358,"column":3}},"122":{"start":{"line":356,"column":2},"end":{"line":356,"column":63}},"123":{"start":{"line":357,"column":2},"end":{"line":357,"column":18}},"124":{"start":{"line":360,"column":0},"end":{"line":363,"column":3}},"125":{"start":{"line":361,"column":2},"end":{"line":361,"column":62}},"126":{"start":{"line":362,"column":2},"end":{"line":362,"column":18}},"127":{"start":{"line":366,"column":15},"end":{"line":370,"column":2}},"128":{"start":{"line":367,"column":2},"end":{"line":367,"column":71}},"129":{"start":{"line":368,"column":2},"end":{"line":368,"column":76}},"130":{"start":{"line":369,"column":2},"end":{"line":369,"column":74}},"131":{"start":{"line":373,"column":0},"end":{"line":375,"column":3}},"132":{"start":{"line":374,"column":2},"end":{"line":374,"column":48}},"133":{"start":{"line":377,"column":0},"end":{"line":377,"column":19}}},"fnMap":{"0":{"name":"(anonymous_0)","decl":{"start":{"line":51,"column":10},"end":{"line":51,"column":11}},"loc":{"start":{"line":51,"column":31},"end":{"line":60,"column":3}}},"1":{"name":"(anonymous_1)","decl":{"start":{"line":74,"column":16},"end":{"line":74,"column":17}},"loc":{"start":{"line":74,"column":25},"end":{"line":74,"column":31}}},"2":{"name":"(anonymous_2)","decl":{"start":{"line":103,"column":8},"end":{"line":103,"column":9}},"loc":{"start":{"line":103,"column":27},"end":{"line":115,"column":1}}},"3":{"name":"(anonymous_3)","decl":{"start":{"line":118,"column":20},"end":{"line":118,"column":21}},"loc":{"start":{"line":118,"column":59},"end":{"line":127,"column":1}}},"4":{"name":"(anonymous_4)","decl":{"start":{"line":129,"column":29},"end":{"line":129,"column":30}},"loc":{"start":{"line":129,"column":107},"end":{"line":131,"column":1}}},"5":{"name":"(anonymous_5)","decl":{"start":{"line":133,"column":25},"end":{"line":133,"column":26}},"loc":{"start":{"line":133,"column":98},"end":{"line":135,"column":1}}},"6":{"name":"(anonymous_6)","decl":{"start":{"line":138,"column":30},"end":{"line":138,"column":31}},"loc":{"start":{"line":138,"column":106},"end":{"line":171,"column":1}}},"7":{"name":"(anonymous_7)","decl":{"start":{"line":176,"column":39},"end":{"line":176,"column":44}},"loc":{"start":{"line":176,"column":58},"end":{"line":196,"column":1}}},"8":{"name":"(anonymous_8)","decl":{"start":{"line":199,"column":26},"end":{"line":199,"column":27}},"loc":{"start":{"line":199,"column":39},"end":{"line":211,"column":1}}},"9":{"name":"(anonymous_9)","decl":{"start":{"line":213,"column":69},"end":{"line":213,"column":70}},"loc":{"start":{"line":213,"column":82},"end":{"line":237,"column":1}}},"10":{"name":"(anonymous_10)","decl":{"start":{"line":239,"column":49},"end":{"line":239,"column":50}},"loc":{"start":{"line":239,"column":62},"end":{"line":269,"column":1}}},"11":{"name":"(anonymous_11)","decl":{"start":{"line":272,"column":22},"end":{"line":272,"column":23}},"loc":{"start":{"line":272,"column":35},"end":{"line":284,"column":1}}},"12":{"name":"(anonymous_12)","decl":{"start":{"line":287,"column":31},"end":{"line":287,"column":32}},"loc":{"start":{"line":287,"column":44},"end":{"line":298,"column":1}}},"13":{"name":"(anonymous_13)","decl":{"start":{"line":301,"column":32},"end":{"line":301,"column":33}},"loc":{"start":{"line":301,"column":45},"end":{"line":313,"column":1}}},"14":{"name":"(anonymous_14)","decl":{"start":{"line":316,"column":23},"end":{"line":316,"column":24}},"loc":{"start":{"line":316,"column":36},"end":{"line":328,"column":1}}},"15":{"name":"(anonymous_15)","decl":{"start":{"line":331,"column":8},"end":{"line":331,"column":9}},"loc":{"start":{"line":331,"column":98},"end":{"line":343,"column":1}}},"16":{"name":"(anonymous_16)","decl":{"start":{"line":346,"column":13},"end":{"line":346,"column":14}},"loc":{"start":{"line":346,"column":26},"end":{"line":352,"column":1}}},"17":{"name":"(anonymous_17)","decl":{"start":{"line":355,"column":22},"end":{"line":355,"column":25}},"loc":{"start":{"line":355,"column":27},"end":{"line":358,"column":1}}},"18":{"name":"(anonymous_18)","decl":{"start":{"line":360,"column":21},"end":{"line":360,"column":24}},"loc":{"start":{"line":360,"column":26},"end":{"line":363,"column":1}}},"19":{"name":"(anonymous_19)","decl":{"start":{"line":366,"column":32},"end":{"line":366,"column":35}},"loc":{"start":{"line":366,"column":37},"end":{"line":370,"column":1}}},"20":{"name":"(anonymous_20)","decl":{"start":{"line":373,"column":19},"end":{"line":373,"column":20}},"loc":{"start":{"line":373,"column":36},"end":{"line":375,"column":1}}}},"branchMap":{"0":{"loc":{"start":{"line":19,"column":13},"end":{"line":19,"column":37}},"type":"binary-expr","locations":[{"start":{"line":19,"column":13},"end":{"line":19,"column":29}},{"start":{"line":19,"column":33},"end":{"line":19,"column":37}}]},"1":{"loc":{"start":{"line":46,"column":23},"end":{"line":48,"column":79}},"type":"cond-expr","locations":[{"start":{"line":47,"column":4},"end":{"line":47,"column":49}},{"start":{"line":48,"column":4},"end":{"line":48,"column":79}}]},"2":{"loc":{"start":{"line":47,"column":4},"end":{"line":47,"column":49}},"type":"binary-expr","locations":[{"start":{"line":47,"column":4},"end":{"line":47,"column":43}},{"start":{"line":47,"column":47},"end":{"line":47,"column":49}}]},"3":{"loc":{"start":{"line":53,"column":4},"end":{"line":53,"column":45}},"type":"if","locations":[{"start":{"line":53,"column":4},"end":{"line":53,"column":45}}]},"4":{"loc":{"start":{"line":55,"column":4},"end":{"line":59,"column":5}},"type":"if","locations":[{"start":{"line":55,"column":4},"end":{"line":59,"column":5}},{"start":{"line":57,"column":11},"end":{"line":59,"column":5}}]},"5":{"loc":{"start":{"line":105,"column":2},"end":{"line":107,"column":3}},"type":"if","locations":[{"start":{"line":105,"column":2},"end":{"line":107,"column":3}}]},"6":{"loc":{"start":{"line":105,"column":6},"end":{"line":105,"column":62}},"type":"binary-expr","locations":[{"start":{"line":105,"column":6},"end":{"line":105,"column":29}},{"start":{"line":105,"column":33},"end":{"line":105,"column":62}}]},"7":{"loc":{"start":{"line":118,"column":35},"end":{"line":118,"column":47}},"type":"default-arg","locations":[{"start":{"line":118,"column":44},"end":{"line":118,"column":47}}]},"8":{"loc":{"start":{"line":119,"column":2},"end":{"line":119,"column":41}},"type":"if","locations":[{"start":{"line":119,"column":2},"end":{"line":119,"column":41}}]},"9":{"loc":{"start":{"line":142,"column":2},"end":{"line":147,"column":3}},"type":"if","locations":[{"start":{"line":142,"column":2},"end":{"line":147,"column":3}}]},"10":{"loc":{"start":{"line":142,"column":6},"end":{"line":142,"column":78}},"type":"binary-expr","locations":[{"start":{"line":142,"column":6},"end":{"line":142,"column":12}},{"start":{"line":142,"column":16},"end":{"line":142,"column":28}},{"start":{"line":142,"column":32},"end":{"line":142,"column":37}},{"start":{"line":142,"column":41},"end":{"line":142,"column":50}},{"start":{"line":142,"column":54},"end":{"line":142,"column":63}},{"start":{"line":142,"column":67},"end":{"line":142,"column":78}}]},"11":{"loc":{"start":{"line":150,"column":2},"end":{"line":155,"column":3}},"type":"if","locations":[{"start":{"line":150,"column":2},"end":{"line":155,"column":3}}]},"12":{"loc":{"start":{"line":157,"column":2},"end":{"line":162,"column":3}},"type":"if","locations":[{"start":{"line":157,"column":2},"end":{"line":162,"column":3}}]},"13":{"loc":{"start":{"line":166,"column":2},"end":{"line":168,"column":3}},"type":"if","locations":[{"start":{"line":166,"column":2},"end":{"line":168,"column":3}}]},"14":{"loc":{"start":{"line":178,"column":15},"end":{"line":178,"column":55}},"type":"binary-expr","locations":[{"start":{"line":178,"column":15},"end":{"line":178,"column":46}},{"start":{"line":178,"column":50},"end":{"line":178,"column":55}}]},"15":{"loc":{"start":{"line":180,"column":2},"end":{"line":182,"column":3}},"type":"if","locations":[{"start":{"line":180,"column":2},"end":{"line":182,"column":3}}]},"16":{"loc":{"start":{"line":180,"column":6},"end":{"line":180,"column":34}},"type":"binary-expr","locations":[{"start":{"line":180,"column":6},"end":{"line":180,"column":13}},{"start":{"line":180,"column":17},"end":{"line":180,"column":34}}]},"17":{"loc":{"start":{"line":225,"column":4},"end":{"line":227,"column":5}},"type":"if","locations":[{"start":{"line":225,"column":4},"end":{"line":227,"column":5}}]},"18":{"loc":{"start":{"line":225,"column":8},"end":{"line":225,"column":54}},"type":"binary-expr","locations":[{"start":{"line":225,"column":8},"end":{"line":225,"column":31}},{"start":{"line":225,"column":35},"end":{"line":225,"column":54}}]},"19":{"loc":{"start":{"line":244,"column":2},"end":{"line":246,"column":3}},"type":"if","locations":[{"start":{"line":244,"column":2},"end":{"line":246,"column":3}}]},"20":{"loc":{"start":{"line":248,"column":2},"end":{"line":253,"column":3}},"type":"if","locations":[{"start":{"line":248,"column":2},"end":{"line":253,"column":3}}]},"21":{"loc":{"start":{"line":248,"column":6},"end":{"line":248,"column":72}},"type":"binary-expr","locations":[{"start":{"line":248,"column":6},"end":{"line":248,"column":13}},{"start":{"line":248,"column":17},"end":{"line":248,"column":72}}]},"22":{"loc":{"start":{"line":257,"column":4},"end":{"line":259,"column":5}},"type":"if","locations":[{"start":{"line":257,"column":4},"end":{"line":259,"column":5}}]},"23":{"loc":{"start":{"line":320,"column":13},"end":{"line":320,"column":55}},"type":"binary-expr","locations":[{"start":{"line":320,"column":13},"end":{"line":320,"column":44}},{"start":{"line":320,"column":48},"end":{"line":320,"column":55}}]},"24":{"loc":{"start":{"line":321,"column":17},"end":{"line":321,"column":54}},"type":"binary-expr","locations":[{"start":{"line":321,"column":17},"end":{"line":321,"column":37}},{"start":{"line":321,"column":41},"end":{"line":321,"column":54}}]},"25":{"loc":{"start":{"line":341,"column":8},"end":{"line":341,"column":51}},"type":"binary-expr","locations":[{"start":{"line":341,"column":8},"end":{"line":341,"column":21}},{"start":{"line":341,"column":25},"end":{"line":341,"column":51}}]},"26":{"loc":{"start":{"line":369,"column":33},"end":{"line":369,"column":70}},"type":"binary-expr","locations":[{"start":{"line":369,"column":33},"end":{"line":369,"column":53}},{"start":{"line":369,"column":57},"end":{"line":369,"column":70}}]}},"s":{"0":0,"1":0,"2":0,"3":0,"4":0,"5":0,"6":0,"7":0,"8":0,"9":0,"10":0,"11":0,"12":0,"13":0,"14":0,"15":0,"16":0,"17":0,"18":0,"19":0,"20":0,"21":0,"22":0,"23":0,"24":0,"25":0,"26":0,"27":0,"28":0,"29":0,"30":0,"31":0,"32":0,"33":0,"34":0,"35":0,"36":0,"37":0,"38":0,"39":0,"40":0,"41":0,"42":0,"43":0,"44":0,"45":0,"46":0,"47":0,"48":0,"49":0,"50":0,"51":0,"52":0,"53":0,"54":0,"55":0,"56":0,"57":0,"58":0,"59":0,"60":0,"61":0,"62":0,"63":0,"64":0,"65":0,"66":0,"67":0,"68":0,"69":0,"70":0,"71":0,"72":0,"73":0,"74":0,"75":0,"76":0,"77":0,"78":0,"79":0,"80":0,"81":0,"82":0,"83":0,"84":0,"85":0,"86":0,"87":0,"88":0,"89":0,"90":0,"91":0,"92":0,"93":0,"94":0,"95":0,"96":0,"97":0,"98":0,"99":0,"100":0,"101":0,"102":0,"103":0,"104":0,"105":0,"106":0,"107":0,"108":0,"109":0,"110":0,"111":0,"112":0,"113":0,"114":0,"115":0,"116":0,"117":0,"118":0,"119":0,"120":0,"121":0,"122":0,"123":0,"124":0,"125":0,"126":0,"127":0,"128":0,"129":0,"130":0,"131":0,"132":0,"133":0},"f":{"0":0,"1":0,"2":0,"3":0,"4":0,"5":0,"6":0,"7":0,"8":0,"9":0,"10":0,"11":0,"12":0,"13":0,"14":0,"15":0,"16":0,"17":0,"18":0,"19":0,"20":0},"b":{"0":[0,0],"1":[0,0],"2":[0,0],"3":[0],"4":[0,0],"5":[0],"6":[0,0],"7":[0],"8":[0],"9":[0],"10":[0,0,0,0,0,0],"11":[0],"12":[0],"13":[0],"14":[0,0],"15":[0],"16":[0,0],"17":[0],"18":[0,0],"19":[0],"20":[0],"21":[0,0],"22":[0],"23":[0,0],"24":[0,0],"25":[0,0],"26":[0,0]}}
,"D:\\Hack to Skill\\src\\App.tsx": {"path":"D:\\Hack to Skill\\src\\App.tsx","statementMap":{"0":{"start":{"line":1,"column":0},"end":{"line":1,"column":26}},"1":{"start":{"line":2,"column":0},"end":{"line":2,"column":92}},"2":{"start":{"line":3,"column":0},"end":{"line":3,"column":62}},"3":{"start":{"line":4,"column":0},"end":{"line":4,"column":47}},"4":{"start":{"line":7,"column":0},"end":{"line":7,"column":36}},"5":{"start":{"line":8,"column":0},"end":{"line":8,"column":38}},"6":{"start":{"line":9,"column":0},"end":{"line":9,"column":46}},"7":{"start":{"line":10,"column":0},"end":{"line":10,"column":50}},"8":{"start":{"line":11,"column":0},"end":{"line":11,"column":48}},"9":{"start":{"line":12,"column":0},"end":{"line":12,"column":46}},"10":{"start":{"line":13,"column":0},"end":{"line":13,"column":42}},"11":{"start":{"line":14,"column":0},"end":{"line":14,"column":52}},"12":{"start":{"line":15,"column":0},"end":{"line":15,"column":56}},"13":{"start":{"line":16,"column":0},"end":{"line":16,"column":38}},"14":{"start":{"line":23,"column":44},"end":{"line":43,"column":1}},"15":{"start":{"line":24,"column":28},"end":{"line":24,"column":37}},"16":{"start":{"line":26,"column":2},"end":{"line":32,"column":3}},"17":{"start":{"line":27,"column":4},"end":{"line":31,"column":6}},"18":{"start":{"line":34,"column":2},"end":{"line":36,"column":3}},"19":{"start":{"line":35,"column":4},"end":{"line":35,"column":44}},"20":{"start":{"line":38,"column":2},"end":{"line":40,"column":3}},"21":{"start":{"line":39,"column":4},"end":{"line":39,"column":43}},"22":{"start":{"line":42,"column":2},"end":{"line":42,"column":20}},"23":{"start":{"line":46,"column":34},"end":{"line":74,"column":1}},"24":{"start":{"line":47,"column":28},"end":{"line":47,"column":37}},"25":{"start":{"line":49,"column":2},"end":{"line":55,"column":3}},"26":{"start":{"line":50,"column":4},"end":{"line":54,"column":6}},"27":{"start":{"line":57,"column":2},"end":{"line":59,"column":3}},"28":{"start":{"line":58,"column":4},"end":{"line":58,"column":44}},"29":{"start":{"line":61,"column":2},"end":{"line":73,"column":4}},"30":{"start":{"line":77,"column":28},"end":{"line":115,"column":1}},"31":{"start":{"line":78,"column":19},"end":{"line":78,"column":28}},"32":{"start":{"line":80,"column":2},"end":{"line":114,"column":4}},"33":{"start":{"line":117,"column":29},"end":{"line":125,"column":1}},"34":{"start":{"line":118,"column":2},"end":{"line":124,"column":4}},"35":{"start":{"line":117,"column":13},"end":{"line":117,"column":29}},"36":{"start":{"line":127,"column":0},"end":{"line":127,"column":19}}},"fnMap":{"0":{"name":"(anonymous_0)","decl":{"start":{"line":23,"column":44},"end":{"line":23,"column":45}},"loc":{"start":{"line":23,"column":65},"end":{"line":43,"column":1}}},"1":{"name":"(anonymous_1)","decl":{"start":{"line":46,"column":34},"end":{"line":46,"column":37}},"loc":{"start":{"line":46,"column":39},"end":{"line":74,"column":1}}},"2":{"name":"(anonymous_2)","decl":{"start":{"line":77,"column":28},"end":{"line":77,"column":31}},"loc":{"start":{"line":77,"column":33},"end":{"line":115,"column":1}}},"3":{"name":"(anonymous_3)","decl":{"start":{"line":117,"column":29},"end":{"line":117,"column":32}},"loc":{"start":{"line":117,"column":34},"end":{"line":125,"column":1}}}},"branchMap":{"0":{"loc":{"start":{"line":26,"column":2},"end":{"line":32,"column":3}},"type":"if","locations":[{"start":{"line":26,"column":2},"end":{"line":32,"column":3}}]},"1":{"loc":{"start":{"line":34,"column":2},"end":{"line":36,"column":3}},"type":"if","locations":[{"start":{"line":34,"column":2},"end":{"line":36,"column":3}}]},"2":{"loc":{"start":{"line":38,"column":2},"end":{"line":40,"column":3}},"type":"if","locations":[{"start":{"line":38,"column":2},"end":{"line":40,"column":3}}]},"3":{"loc":{"start":{"line":49,"column":2},"end":{"line":55,"column":3}},"type":"if","locations":[{"start":{"line":49,"column":2},"end":{"line":55,"column":3}}]},"4":{"loc":{"start":{"line":57,"column":2},"end":{"line":59,"column":3}},"type":"if","locations":[{"start":{"line":57,"column":2},"end":{"line":59,"column":3}}]},"5":{"loc":{"start":{"line":83,"column":36},"end":{"line":83,"column":87}},"type":"cond-expr","locations":[{"start":{"line":83,"column":44},"end":{"line":83,"column":53}},{"start":{"line":83,"column":56},"end":{"line":83,"column":87}}]},"6":{"loc":{"start":{"line":112,"column":45},"end":{"line":112,"column":70}},"type":"cond-expr","locations":[{"start":{"line":112,"column":52},"end":{"line":112,"column":59}},{"start":{"line":112,"column":62},"end":{"line":112,"column":70}}]}},"s":{"0":0,"1":0,"2":0,"3":0,"4":0,"5":0,"6":0,"7":0,"8":0,"9":0,"10":0,"11":0,"12":0,"13":0,"14":0,"15":0,"16":0,"17":0,"18":0,"19":0,"20":0,"21":0,"22":0,"23":0,"24":0,"25":0,"26":0,"27":0,"28":0,"29":0,"30":0,"31":0,"32":0,"33":0,"34":0,"35":0,"36":0},"f":{"0":0,"1":0,"2":0,"3":0},"b":{"0":[0],"1":[0],"2":[0],"3":[0],"4":[0],"5":[0,0],"6":[0,0]}}
,"D:\\Hack to Skill\\src\\api\\index.ts": {"path":"D:\\Hack to Skill\\src\\api\\index.ts","statementMap":{"0":{"start":{"line":3,"column":17},"end":{"line":3,"column":19}},"1":{"start":{"line":14,"column":30},"end":{"line":31,"column":1}},"2":{"start":{"line":15,"column":2},"end":{"line":30,"column":3}},"3":{"start":{"line":16,"column":16},"end":{"line":20,"column":6}},"4":{"start":{"line":22,"column":4},"end":{"line":22,"column":62}},"5":{"start":{"line":22,"column":17},"end":{"line":22,"column":62}},"6":{"start":{"line":24,"column":17},"end":{"line":24,"column":33}},"7":{"start":{"line":25,"column":4},"end":{"line":25,"column":25}},"8":{"start":{"line":27,"column":4},"end":{"line":27,"column":77}},"9":{"start":{"line":29,"column":4},"end":{"line":29,"column":51}},"10":{"start":{"line":14,"column":13},"end":{"line":14,"column":30}},"11":{"start":{"line":33,"column":30},"end":{"line":42,"column":1}},"12":{"start":{"line":34,"column":2},"end":{"line":41,"column":3}},"13":{"start":{"line":35,"column":16},"end":{"line":35,"column":56}},"14":{"start":{"line":36,"column":4},"end":{"line":36,"column":62}},"15":{"start":{"line":36,"column":17},"end":{"line":36,"column":62}},"16":{"start":{"line":37,"column":4},"end":{"line":37,"column":28}},"17":{"start":{"line":39,"column":4},"end":{"line":39,"column":63}},"18":{"start":{"line":40,"column":4},"end":{"line":40,"column":33}},"19":{"start":{"line":33,"column":13},"end":{"line":33,"column":30}},"20":{"start":{"line":44,"column":30},"end":{"line":62,"column":1}},"21":{"start":{"line":45,"column":2},"end":{"line":61,"column":3}},"22":{"start":{"line":46,"column":16},"end":{"line":50,"column":6}},"23":{"start":{"line":51,"column":4},"end":{"line":51,"column":62}},"24":{"start":{"line":51,"column":17},"end":{"line":51,"column":62}},"25":{"start":{"line":52,"column":4},"end":{"line":52,"column":28}},"26":{"start":{"line":54,"column":4},"end":{"line":54,"column":70}},"27":{"start":{"line":55,"column":4},"end":{"line":60,"column":6}},"28":{"start":{"line":44,"column":13},"end":{"line":44,"column":30}},"29":{"start":{"line":64,"column":30},"end":{"line":77,"column":1}},"30":{"start":{"line":65,"column":2},"end":{"line":76,"column":3}},"31":{"start":{"line":66,"column":16},"end":{"line":70,"column":6}},"32":{"start":{"line":71,"column":4},"end":{"line":71,"column":62}},"33":{"start":{"line":71,"column":17},"end":{"line":71,"column":62}},"34":{"start":{"line":72,"column":4},"end":{"line":72,"column":28}},"35":{"start":{"line":74,"column":4},"end":{"line":74,"column":66}},"36":{"start":{"line":75,"column":4},"end":{"line":75,"column":26}},"37":{"start":{"line":64,"column":13},"end":{"line":64,"column":30}},"38":{"start":{"line":79,"column":32},"end":{"line":87,"column":1}},"39":{"start":{"line":80,"column":2},"end":{"line":86,"column":3}},"40":{"start":{"line":81,"column":16},"end":{"line":81,"column":52}},"41":{"start":{"line":82,"column":4},"end":{"line":82,"column":65}},"42":{"start":{"line":82,"column":17},"end":{"line":82,"column":65}},"43":{"start":{"line":83,"column":4},"end":{"line":83,"column":28}},"44":{"start":{"line":85,"column":4},"end":{"line":85,"column":29}},"45":{"start":{"line":79,"column":13},"end":{"line":79,"column":32}},"46":{"start":{"line":89,"column":42},"end":{"line":97,"column":1}},"47":{"start":{"line":90,"column":2},"end":{"line":96,"column":3}},"48":{"start":{"line":91,"column":16},"end":{"line":91,"column":61}},"49":{"start":{"line":92,"column":4},"end":{"line":92,"column":75}},"50":{"start":{"line":92,"column":17},"end":{"line":92,"column":75}},"51":{"start":{"line":93,"column":4},"end":{"line":93,"column":28}},"52":{"start":{"line":95,"column":4},"end":{"line":95,"column":38}},"53":{"start":{"line":89,"column":13},"end":{"line":89,"column":42}},"54":{"start":{"line":99,"column":31},"end":{"line":114,"column":1}},"55":{"start":{"line":100,"column":2},"end":{"line":113,"column":3}},"56":{"start":{"line":101,"column":16},"end":{"line":101,"column":62}},"57":{"start":{"line":102,"column":4},"end":{"line":102,"column":64}},"58":{"start":{"line":102,"column":17},"end":{"line":102,"column":64}},"59":{"start":{"line":103,"column":4},"end":{"line":103,"column":28}},"60":{"start":{"line":105,"column":25},"end":{"line":105,"column":66}},"61":{"start":{"line":106,"column":4},"end":{"line":112,"column":6}},"62":{"start":{"line":99,"column":13},"end":{"line":99,"column":31}},"63":{"start":{"line":118,"column":30},"end":{"line":141,"column":2}},"64":{"start":{"line":143,"column":26},"end":{"line":148,"column":2}},"65":{"start":{"line":150,"column":35},"end":{"line":159,"column":2}},"66":{"start":{"line":161,"column":34},"end":{"line":186,"column":1}},"67":{"start":{"line":162,"column":16},"end":{"line":162,"column":36}},"68":{"start":{"line":164,"column":2},"end":{"line":169,"column":3}},"69":{"start":{"line":165,"column":4},"end":{"line":168,"column":72}},"70":{"start":{"line":170,"column":2},"end":{"line":172,"column":3}},"71":{"start":{"line":171,"column":4},"end":{"line":171,"column":209}},"72":{"start":{"line":173,"column":2},"end":{"line":175,"column":3}},"73":{"start":{"line":174,"column":4},"end":{"line":174,"column":168}},"74":{"start":{"line":176,"column":2},"end":{"line":178,"column":3}},"75":{"start":{"line":177,"column":4},"end":{"line":177,"column":124}},"76":{"start":{"line":179,"column":2},"end":{"line":184,"column":3}},"77":{"start":{"line":180,"column":4},"end":{"line":183,"column":46}},"78":{"start":{"line":185,"column":2},"end":{"line":185,"column":166}}},"fnMap":{"0":{"name":"(anonymous_0)","decl":{"start":{"line":14,"column":30},"end":{"line":14,"column":35}},"loc":{"start":{"line":14,"column":94},"end":{"line":31,"column":1}}},"1":{"name":"(anonymous_1)","decl":{"start":{"line":33,"column":30},"end":{"line":33,"column":35}},"loc":{"start":{"line":33,"column":41},"end":{"line":42,"column":1}}},"2":{"name":"(anonymous_2)","decl":{"start":{"line":44,"column":30},"end":{"line":44,"column":35}},"loc":{"start":{"line":44,"column":63},"end":{"line":62,"column":1}}},"3":{"name":"(anonymous_3)","decl":{"start":{"line":64,"column":30},"end":{"line":64,"column":35}},"loc":{"start":{"line":64,"column":98},"end":{"line":77,"column":1}}},"4":{"name":"(anonymous_4)","decl":{"start":{"line":79,"column":32},"end":{"line":79,"column":37}},"loc":{"start":{"line":79,"column":43},"end":{"line":87,"column":1}}},"5":{"name":"(anonymous_5)","decl":{"start":{"line":89,"column":42},"end":{"line":89,"column":47}},"loc":{"start":{"line":89,"column":53},"end":{"line":97,"column":1}}},"6":{"name":"(anonymous_6)","decl":{"start":{"line":99,"column":31},"end":{"line":99,"column":36}},"loc":{"start":{"line":99,"column":42},"end":{"line":114,"column":1}}},"7":{"name":"(anonymous_7)","decl":{"start":{"line":161,"column":34},"end":{"line":161,"column":35}},"loc":{"start":{"line":161,"column":75},"end":{"line":186,"column":1}}}},"branchMap":{"0":{"loc":{"start":{"line":14,"column":53},"end":{"line":14,"column":73}},"type":"default-arg","locations":[{"start":{"line":14,"column":68},"end":{"line":14,"column":73}}]},"1":{"loc":{"start":{"line":22,"column":4},"end":{"line":22,"column":62}},"type":"if","locations":[{"start":{"line":22,"column":4},"end":{"line":22,"column":62}}]},"2":{"loc":{"start":{"line":36,"column":4},"end":{"line":36,"column":62}},"type":"if","locations":[{"start":{"line":36,"column":4},"end":{"line":36,"column":62}}]},"3":{"loc":{"start":{"line":51,"column":4},"end":{"line":51,"column":62}},"type":"if","locations":[{"start":{"line":51,"column":4},"end":{"line":51,"column":62}}]},"4":{"loc":{"start":{"line":71,"column":4},"end":{"line":71,"column":62}},"type":"if","locations":[{"start":{"line":71,"column":4},"end":{"line":71,"column":62}}]},"5":{"loc":{"start":{"line":82,"column":4},"end":{"line":82,"column":65}},"type":"if","locations":[{"start":{"line":82,"column":4},"end":{"line":82,"column":65}}]},"6":{"loc":{"start":{"line":92,"column":4},"end":{"line":92,"column":75}},"type":"if","locations":[{"start":{"line":92,"column":4},"end":{"line":92,"column":75}}]},"7":{"loc":{"start":{"line":102,"column":4},"end":{"line":102,"column":64}},"type":"if","locations":[{"start":{"line":102,"column":4},"end":{"line":102,"column":64}}]},"8":{"loc":{"start":{"line":164,"column":2},"end":{"line":169,"column":3}},"type":"if","locations":[{"start":{"line":164,"column":2},"end":{"line":169,"column":3}}]},"9":{"loc":{"start":{"line":164,"column":6},"end":{"line":164,"column":124}},"type":"binary-expr","locations":[{"start":{"line":164,"column":6},"end":{"line":164,"column":22}},{"start":{"line":164,"column":26},"end":{"line":164,"column":53}},{"start":{"line":164,"column":57},"end":{"line":164,"column":92}},{"start":{"line":164,"column":96},"end":{"line":164,"column":124}}]},"10":{"loc":{"start":{"line":170,"column":2},"end":{"line":172,"column":3}},"type":"if","locations":[{"start":{"line":170,"column":2},"end":{"line":172,"column":3}}]},"11":{"loc":{"start":{"line":170,"column":6},"end":{"line":170,"column":61}},"type":"binary-expr","locations":[{"start":{"line":170,"column":6},"end":{"line":170,"column":28}},{"start":{"line":170,"column":32},"end":{"line":170,"column":61}}]},"12":{"loc":{"start":{"line":173,"column":2},"end":{"line":175,"column":3}},"type":"if","locations":[{"start":{"line":173,"column":2},"end":{"line":175,"column":3}}]},"13":{"loc":{"start":{"line":173,"column":6},"end":{"line":173,"column":62}},"type":"binary-expr","locations":[{"start":{"line":173,"column":6},"end":{"line":173,"column":32}},{"start":{"line":173,"column":36},"end":{"line":173,"column":62}}]},"14":{"loc":{"start":{"line":176,"column":2},"end":{"line":178,"column":3}},"type":"if","locations":[{"start":{"line":176,"column":2},"end":{"line":178,"column":3}}]},"15":{"loc":{"start":{"line":176,"column":6},"end":{"line":176,"column":81}},"type":"binary-expr","locations":[{"start":{"line":176,"column":6},"end":{"line":176,"column":28}},{"start":{"line":176,"column":32},"end":{"line":176,"column":53}},{"start":{"line":176,"column":57},"end":{"line":176,"column":81}}]},"16":{"loc":{"start":{"line":179,"column":2},"end":{"line":184,"column":3}},"type":"if","locations":[{"start":{"line":179,"column":2},"end":{"line":184,"column":3}}]}},"s":{"0":0,"1":0,"2":0,"3":0,"4":0,"5":0,"6":0,"7":0,"8":0,"9":0,"10":0,"11":0,"12":0,"13":0,"14":0,"15":0,"16":0,"17":0,"18":0,"19":0,"20":0,"21":0,"22":0,"23":0,"24":0,"25":0,"26":0,"27":0,"28":0,"29":0,"30":0,"31":0,"32":0,"33":0,"34":0,"35":0,"36":0,"37":0,"38":0,"39":0,"40":0,"41":0,"42":0,"43":0,"44":0,"45":0,"46":0,"47":0,"48":0,"49":0,"50":0,"51":0,"52":0,"53":0,"54":0,"55":0,"56":0,"57":0,"58":0,"59":0,"60":0,"61":0,"62":0,"63":0,"64":0,"65":0,"66":0,"67":0,"68":0,"69":0,"70":0,"71":0,"72":0,"73":0,"74":0,"75":0,"76":0,"77":0,"78":0},"f":{"0":0,"1":0,"2":0,"3":0,"4":0,"5":0,"6":0,"7":0},"b":{"0":[0],"1":[0],"2":[0],"3":[0],"4":[0],"5":[0],"6":[0],"7":[0],"8":[0],"9":[0,0,0,0],"10":[0],"11":[0,0],"12":[0],"13":[0,0],"14":[0],"15":[0,0,0],"16":[0]}}
,"D:\\Hack to Skill\\src\\components\\AdvancedAnalytics.tsx": {"path":"D:\\Hack to Skill\\src\\components\\AdvancedAnalytics.tsx","statementMap":{"0":{"start":{"line":1,"column":0},"end":{"line":1,"column":51}},"1":{"start":{"line":2,"column":0},"end":{"line":2,"column":null}},"2":{"start":{"line":7,"column":0},"end":{"line":7,"column":40}},"3":{"start":{"line":8,"column":0},"end":{"line":8,"column":68}},"4":{"start":{"line":26,"column":43},"end":{"line":311,"column":1}},"5":{"start":{"line":27,"column":46},"end":{"line":27,"column":75}},"6":{"start":{"line":28,"column":40},"end":{"line":28,"column":67}},"7":{"start":{"line":29,"column":46},"end":{"line":29,"column":104}},"8":{"start":{"line":31,"column":2},"end":{"line":87,"column":9}},"9":{"start":{"line":33,"column":35},"end":{"line":56,"column":5}},"10":{"start":{"line":34,"column":18},"end":{"line":34,"column":28}},"11":{"start":{"line":35,"column":36},"end":{"line":35,"column":38}},"12":{"start":{"line":37,"column":6},"end":{"line":53,"column":7}},"13":{"start":{"line":37,"column":19},"end":{"line":37,"column":21}},"14":{"start":{"line":38,"column":21},"end":{"line":38,"column":65}},"15":{"start":{"line":39,"column":21},"end":{"line":39,"column":36}},"16":{"start":{"line":42,"column":32},"end":{"line":43,"column":67}},"17":{"start":{"line":45,"column":8},"end":{"line":52,"column":11}},"18":{"start":{"line":55,"column":6},"end":{"line":55,"column":30}},"19":{"start":{"line":59,"column":32},"end":{"line":76,"column":5}},"20":{"start":{"line":60,"column":23},"end":{"line":60,"column":84}},"21":{"start":{"line":61,"column":34},"end":{"line":73,"column":8}},"22":{"start":{"line":62,"column":24},"end":{"line":62,"column":43}},"23":{"start":{"line":63,"column":21},"end":{"line":65,"column":51}},"24":{"start":{"line":67,"column":8},"end":{"line":72,"column":10}},"25":{"start":{"line":75,"column":6},"end":{"line":75,"column":27}},"26":{"start":{"line":78,"column":4},"end":{"line":78,"column":29}},"27":{"start":{"line":79,"column":4},"end":{"line":79,"column":26}},"28":{"start":{"line":81,"column":21},"end":{"line":84,"column":13}},"29":{"start":{"line":82,"column":6},"end":{"line":82,"column":31}},"30":{"start":{"line":83,"column":6},"end":{"line":83,"column":28}},"31":{"start":{"line":86,"column":4},"end":{"line":86,"column":41}},"32":{"start":{"line":86,"column":17},"end":{"line":86,"column":40}},"33":{"start":{"line":89,"column":23},"end":{"line":94,"column":4}},"34":{"start":{"line":96,"column":21},"end":{"line":101,"column":4}},"35":{"start":{"line":103,"column":18},"end":{"line":107,"column":4}},"36":{"start":{"line":109,"column":2},"end":{"line":310,"column":4}},"37":{"start":{"line":124,"column":14},"end":{"line":125,"column":null}},"38":{"start":{"line":126,"column":31},"end":{"line":126,"column":56}},"39":{"start":{"line":237,"column":57},"end":{"line":240,"column":null}},"40":{"start":{"line":286,"column":46},"end":{"line":286,"column":86}},"41":{"start":{"line":289,"column":18},"end":{"line":289,"column":46}},"42":{"start":{"line":26,"column":13},"end":{"line":26,"column":43}}},"fnMap":{"0":{"name":"(anonymous_0)","decl":{"start":{"line":26,"column":43},"end":{"line":26,"column":46}},"loc":{"start":{"line":26,"column":48},"end":{"line":311,"column":1}}},"1":{"name":"(anonymous_1)","decl":{"start":{"line":31,"column":12},"end":{"line":31,"column":15}},"loc":{"start":{"line":31,"column":17},"end":{"line":87,"column":3}}},"2":{"name":"(anonymous_2)","decl":{"start":{"line":33,"column":35},"end":{"line":33,"column":38}},"loc":{"start":{"line":33,"column":40},"end":{"line":56,"column":5}}},"3":{"name":"(anonymous_3)","decl":{"start":{"line":59,"column":32},"end":{"line":59,"column":35}},"loc":{"start":{"line":59,"column":37},"end":{"line":76,"column":5}}},"4":{"name":"(anonymous_4)","decl":{"start":{"line":61,"column":47},"end":{"line":61,"column":54}},"loc":{"start":{"line":61,"column":57},"end":{"line":73,"column":7}}},"5":{"name":"(anonymous_5)","decl":{"start":{"line":81,"column":33},"end":{"line":81,"column":36}},"loc":{"start":{"line":81,"column":38},"end":{"line":84,"column":5}}},"6":{"name":"(anonymous_6)","decl":{"start":{"line":86,"column":11},"end":{"line":86,"column":14}},"loc":{"start":{"line":86,"column":17},"end":{"line":86,"column":40}}},"7":{"name":"(anonymous_7)","decl":{"start":{"line":123,"column":67},"end":{"line":123,"column":68}},"loc":{"start":{"line":124,"column":14},"end":{"line":125,"column":null}}},"8":{"name":"(anonymous_8)","decl":{"start":{"line":126,"column":25},"end":{"line":126,"column":28}},"loc":{"start":{"line":126,"column":31},"end":{"line":126,"column":56}}},"9":{"name":"(anonymous_9)","decl":{"start":{"line":237,"column":27},"end":{"line":237,"column":28}},"loc":{"start":{"line":237,"column":57},"end":{"line":240,"column":null}}},"10":{"name":"(anonymous_10)","decl":{"start":{"line":286,"column":23},"end":{"line":286,"column":24}},"loc":{"start":{"line":286,"column":46},"end":{"line":286,"column":86}}},"11":{"name":"(anonymous_11)","decl":{"start":{"line":288,"column":29},"end":{"line":288,"column":30}},"loc":{"start":{"line":289,"column":18},"end":{"line":289,"column":46}}}},"branchMap":{"0":{"loc":{"start":{"line":42,"column":32},"end":{"line":43,"column":67}},"type":"cond-expr","locations":[{"start":{"line":42,"column":59},"end":{"line":42,"column":62}},{"start":{"line":43,"column":31},"end":{"line":43,"column":67}}]},"1":{"loc":{"start":{"line":42,"column":32},"end":{"line":42,"column":56}},"type":"binary-expr","locations":[{"start":{"line":42,"column":32},"end":{"line":42,"column":42}},{"start":{"line":42,"column":46},"end":{"line":42,"column":56}}]},"2":{"loc":{"start":{"line":43,"column":31},"end":{"line":43,"column":67}},"type":"cond-expr","locations":[{"start":{"line":43,"column":58},"end":{"line":43,"column":61}},{"start":{"line":43,"column":64},"end":{"line":43,"column":67}}]},"3":{"loc":{"start":{"line":43,"column":31},"end":{"line":43,"column":55}},"type":"binary-expr","locations":[{"start":{"line":43,"column":31},"end":{"line":43,"column":41}},{"start":{"line":43,"column":45},"end":{"line":43,"column":55}}]},"4":{"loc":{"start":{"line":49,"column":56},"end":{"line":49,"column":85}},"type":"cond-expr","locations":[{"start":{"line":49,"column":80},"end":{"line":49,"column":81}},{"start":{"line":49,"column":84},"end":{"line":49,"column":85}}]},"5":{"loc":{"start":{"line":63,"column":21},"end":{"line":65,"column":51}},"type":"cond-expr","locations":[{"start":{"line":63,"column":36},"end":{"line":63,"column":46}},{"start":{"line":64,"column":20},"end":{"line":65,"column":51}}]},"6":{"loc":{"start":{"line":64,"column":20},"end":{"line":65,"column":51}},"type":"cond-expr","locations":[{"start":{"line":64,"column":35},"end":{"line":64,"column":41}},{"start":{"line":65,"column":20},"end":{"line":65,"column":51}}]},"7":{"loc":{"start":{"line":65,"column":20},"end":{"line":65,"column":51}},"type":"cond-expr","locations":[{"start":{"line":65,"column":35},"end":{"line":65,"column":43}},{"start":{"line":65,"column":46},"end":{"line":65,"column":51}}]},"8":{"loc":{"start":{"line":128,"column":18},"end":{"line":130,"column":null}},"type":"cond-expr","locations":[{"start":{"line":129,"column":22},"end":{"line":129,"column":53}},{"start":{"line":130,"column":22},"end":{"line":130,"column":null}}]},"9":{"loc":{"start":{"line":162,"column":15},"end":{"line":169,"column":null}},"type":"binary-expr","locations":[{"start":{"line":162,"column":15},"end":{"line":162,"column":41}},{"start":{"line":163,"column":16},"end":{"line":168,"column":null}}]},"10":{"loc":{"start":{"line":171,"column":15},"end":{"line":178,"column":null}},"type":"binary-expr","locations":[{"start":{"line":171,"column":15},"end":{"line":171,"column":42}},{"start":{"line":172,"column":16},"end":{"line":177,"column":null}}]},"11":{"loc":{"start":{"line":180,"column":15},"end":{"line":187,"column":null}},"type":"binary-expr","locations":[{"start":{"line":180,"column":15},"end":{"line":180,"column":45}},{"start":{"line":181,"column":16},"end":{"line":186,"column":null}}]},"12":{"loc":{"start":{"line":189,"column":15},"end":{"line":196,"column":null}},"type":"binary-expr","locations":[{"start":{"line":189,"column":15},"end":{"line":189,"column":38}},{"start":{"line":190,"column":16},"end":{"line":195,"column":null}}]}},"s":{"0":0,"1":0,"2":0,"3":0,"4":0,"5":0,"6":0,"7":0,"8":0,"9":0,"10":0,"11":0,"12":0,"13":0,"14":0,"15":0,"16":0,"17":0,"18":0,"19":0,"20":0,"21":0,"22":0,"23":0,"24":0,"25":0,"26":0,"27":0,"28":0,"29":0,"30":0,"31":0,"32":0,"33":0,"34":0,"35":0,"36":0,"37":0,"38":0,"39":0,"40":0,"41":0,"42":0},"f":{"0":0,"1":0,"2":0,"3":0,"4":0,"5":0,"6":0,"7":0,"8":0,"9":0,"10":0,"11":0},"b":{"0":[0,0],"1":[0,0],"2":[0,0],"3":[0,0],"4":[0,0],"5":[0,0],"6":[0,0],"7":[0,0],"8":[0,0],"9":[0,0],"10":[0,0],"11":[0,0],"12":[0,0]}}
,"D:\\Hack to Skill\\src\\components\\ChatBot.tsx": {"path":"D:\\Hack to Skill\\src\\components\\ChatBot.tsx","statementMap":{"0":{"start":{"line":1,"column":0},"end":{"line":1,"column":59}},"1":{"start":{"line":2,"column":0},"end":{"line":2,"column":49}},"2":{"start":{"line":3,"column":0},"end":{"line":3,"column":40}},"3":{"start":{"line":4,"column":0},"end":{"line":4,"column":null}},"4":{"start":{"line":16,"column":0},"end":{"line":16,"column":40}},"5":{"start":{"line":29,"column":47},"end":{"line":299,"column":1}},"6":{"start":{"line":30,"column":19},"end":{"line":30,"column":28}},"7":{"start":{"line":31,"column":34},"end":{"line":38,"column":4}},"8":{"start":{"line":39,"column":28},"end":{"line":39,"column":40}},"9":{"start":{"line":40,"column":34},"end":{"line":40,"column":49}},"10":{"start":{"line":41,"column":32},"end":{"line":41,"column":47}},"11":{"start":{"line":42,"column":40},"end":{"line":42,"column":55}},"12":{"start":{"line":44,"column":25},"end":{"line":44,"column":53}},"13":{"start":{"line":45,"column":25},"end":{"line":45,"column":42}},"14":{"start":{"line":48,"column":25},"end":{"line":50,"column":3}},"15":{"start":{"line":49,"column":4},"end":{"line":49,"column":67}},"16":{"start":{"line":52,"column":2},"end":{"line":54,"column":27}},"17":{"start":{"line":53,"column":4},"end":{"line":53,"column":21}},"18":{"start":{"line":57,"column":2},"end":{"line":85,"column":9}},"19":{"start":{"line":58,"column":31},"end":{"line":58,"column":106}},"20":{"start":{"line":59,"column":4},"end":{"line":84,"column":5}},"21":{"start":{"line":60,"column":18},"end":{"line":60,"column":41}},"22":{"start":{"line":61,"column":6},"end":{"line":61,"column":29}},"23":{"start":{"line":62,"column":6},"end":{"line":62,"column":33}},"24":{"start":{"line":63,"column":6},"end":{"line":63,"column":25}},"25":{"start":{"line":65,"column":6},"end":{"line":67,"column":8}},"26":{"start":{"line":66,"column":8},"end":{"line":66,"column":29}},"27":{"start":{"line":69,"column":6},"end":{"line":72,"column":8}},"28":{"start":{"line":70,"column":27},"end":{"line":70,"column":57}},"29":{"start":{"line":71,"column":8},"end":{"line":71,"column":29}},"30":{"start":{"line":74,"column":6},"end":{"line":77,"column":8}},"31":{"start":{"line":75,"column":8},"end":{"line":75,"column":64}},"32":{"start":{"line":76,"column":8},"end":{"line":76,"column":30}},"33":{"start":{"line":79,"column":6},"end":{"line":81,"column":8}},"34":{"start":{"line":80,"column":8},"end":{"line":80,"column":30}},"35":{"start":{"line":83,"column":6},"end":{"line":83,"column":35}},"36":{"start":{"line":87,"column":27},"end":{"line":98,"column":3}},"37":{"start":{"line":88,"column":4},"end":{"line":91,"column":5}},"38":{"start":{"line":89,"column":6},"end":{"line":89,"column":104}},"39":{"start":{"line":90,"column":6},"end":{"line":90,"column":13}},"40":{"start":{"line":93,"column":4},"end":{"line":97,"column":5}},"41":{"start":{"line":94,"column":6},"end":{"line":94,"column":36}},"42":{"start":{"line":96,"column":6},"end":{"line":96,"column":37}},"43":{"start":{"line":101,"column":20},"end":{"line":119,"column":3}},"44":{"start":{"line":102,"column":4},"end":{"line":102,"column":24}},"45":{"start":{"line":102,"column":17},"end":{"line":102,"column":24}},"46":{"start":{"line":105,"column":4},"end":{"line":105,"column":36}},"47":{"start":{"line":108,"column":22},"end":{"line":108,"column":57}},"48":{"start":{"line":110,"column":22},"end":{"line":110,"column":61}},"49":{"start":{"line":111,"column":4},"end":{"line":111,"column":25}},"50":{"start":{"line":114,"column":19},"end":{"line":114,"column":53}},"51":{"start":{"line":115,"column":25},"end":{"line":115,"column":98}},"52":{"start":{"line":115,"column":42},"end":{"line":115,"column":97}},"53":{"start":{"line":116,"column":4},"end":{"line":116,"column":53}},"54":{"start":{"line":116,"column":22},"end":{"line":116,"column":53}},"55":{"start":{"line":118,"column":4},"end":{"line":118,"column":44}},"56":{"start":{"line":121,"column":21},"end":{"line":155,"column":3}},"57":{"start":{"line":122,"column":23},"end":{"line":122,"column":40}},"58":{"start":{"line":123,"column":4},"end":{"line":123,"column":28}},"59":{"start":{"line":123,"column":21},"end":{"line":123,"column":28}},"60":{"start":{"line":126,"column":33},"end":{"line":131,"column":6}},"61":{"start":{"line":133,"column":4},"end":{"line":133,"column":44}},"62":{"start":{"line":133,"column":24},"end":{"line":133,"column":42}},"63":{"start":{"line":134,"column":4},"end":{"line":134,"column":17}},"64":{"start":{"line":135,"column":4},"end":{"line":135,"column":22}},"65":{"start":{"line":137,"column":4},"end":{"line":154,"column":5}},"66":{"start":{"line":139,"column":27},"end":{"line":139,"column":80}},"67":{"start":{"line":141,"column":33},"end":{"line":146,"column":8}},"68":{"start":{"line":148,"column":6},"end":{"line":148,"column":25}},"69":{"start":{"line":149,"column":6},"end":{"line":149,"column":44}},"70":{"start":{"line":149,"column":26},"end":{"line":149,"column":42}},"71":{"start":{"line":150,"column":6},"end":{"line":150,"column":30}},"72":{"start":{"line":152,"column":6},"end":{"line":152,"column":27}},"73":{"start":{"line":153,"column":6},"end":{"line":153,"column":25}},"74":{"start":{"line":157,"column":23},"end":{"line":163,"column":4}},"75":{"start":{"line":165,"column":2},"end":{"line":298,"column":4}},"76":{"start":{"line":178,"column":29},"end":{"line":178,"column":37}},"77":{"start":{"line":179,"column":12},"end":{"line":179,"column":33}},"78":{"start":{"line":180,"column":12},"end":{"line":180,"column":58}},"79":{"start":{"line":180,"column":26},"end":{"line":180,"column":58}},"80":{"start":{"line":196,"column":23},"end":{"line":196,"column":42}},"81":{"start":{"line":197,"column":10},"end":{"line":226,"column":12}},"82":{"start":{"line":255,"column":14},"end":{"line":256,"column":null}},"83":{"start":{"line":257,"column":31},"end":{"line":257,"column":49}},"84":{"start":{"line":284,"column":27},"end":{"line":284,"column":51}},"85":{"start":{"line":285,"column":28},"end":{"line":285,"column":66}},"86":{"start":{"line":290,"column":25},"end":{"line":290,"column":42}},"87":{"start":{"line":29,"column":13},"end":{"line":29,"column":47}}},"fnMap":{"0":{"name":"(anonymous_0)","decl":{"start":{"line":29,"column":47},"end":{"line":29,"column":48}},"loc":{"start":{"line":29,"column":76},"end":{"line":299,"column":1}}},"1":{"name":"(anonymous_1)","decl":{"start":{"line":48,"column":25},"end":{"line":48,"column":28}},"loc":{"start":{"line":48,"column":30},"end":{"line":50,"column":3}}},"2":{"name":"(anonymous_2)","decl":{"start":{"line":52,"column":12},"end":{"line":52,"column":15}},"loc":{"start":{"line":52,"column":17},"end":{"line":54,"column":3}}},"3":{"name":"(anonymous_3)","decl":{"start":{"line":57,"column":12},"end":{"line":57,"column":15}},"loc":{"start":{"line":57,"column":17},"end":{"line":85,"column":3}}},"4":{"name":"(anonymous_4)","decl":{"start":{"line":65,"column":20},"end":{"line":65,"column":23}},"loc":{"start":{"line":65,"column":25},"end":{"line":67,"column":7}}},"5":{"name":"(anonymous_5)","decl":{"start":{"line":69,"column":21},"end":{"line":69,"column":22}},"loc":{"start":{"line":69,"column":36},"end":{"line":72,"column":7}}},"6":{"name":"(anonymous_6)","decl":{"start":{"line":74,"column":20},"end":{"line":74,"column":21}},"loc":{"start":{"line":74,"column":35},"end":{"line":77,"column":7}}},"7":{"name":"(anonymous_7)","decl":{"start":{"line":79,"column":18},"end":{"line":79,"column":21}},"loc":{"start":{"line":79,"column":23},"end":{"line":81,"column":7}}},"8":{"name":"(anonymous_8)","decl":{"start":{"line":87,"column":27},"end":{"line":87,"column":30}},"loc":{"start":{"line":87,"column":32},"end":{"line":98,"column":3}}},"9":{"name":"(anonymous_9)","decl":{"start":{"line":101,"column":20},"end":{"line":101,"column":21}},"loc":{"start":{"line":101,"column":37},"end":{"line":119,"column":3}}},"10":{"name":"(anonymous_10)","decl":{"start":{"line":115,"column":37},"end":{"line":115,"column":38}},"loc":{"start":{"line":115,"column":42},"end":{"line":115,"column":97}}},"11":{"name":"(anonymous_11)","decl":{"start":{"line":121,"column":21},"end":{"line":121,"column":26}},"loc":{"start":{"line":121,"column":50},"end":{"line":155,"column":3}}},"12":{"name":"(anonymous_12)","decl":{"start":{"line":133,"column":16},"end":{"line":133,"column":20}},"loc":{"start":{"line":133,"column":24},"end":{"line":133,"column":42}}},"13":{"name":"(anonymous_13)","decl":{"start":{"line":149,"column":18},"end":{"line":149,"column":22}},"loc":{"start":{"line":149,"column":26},"end":{"line":149,"column":42}}},"14":{"name":"(anonymous_14)","decl":{"start":{"line":177,"column":19},"end":{"line":177,"column":22}},"loc":{"start":{"line":177,"column":24},"end":{"line":181,"column":11}}},"15":{"name":"(anonymous_15)","decl":{"start":{"line":195,"column":22},"end":{"line":195,"column":23}},"loc":{"start":{"line":195,"column":30},"end":{"line":227,"column":9}}},"16":{"name":"(anonymous_16)","decl":{"start":{"line":254,"column":30},"end":{"line":254,"column":31}},"loc":{"start":{"line":255,"column":14},"end":{"line":256,"column":null}}},"17":{"name":"(anonymous_17)","decl":{"start":{"line":257,"column":25},"end":{"line":257,"column":28}},"loc":{"start":{"line":257,"column":31},"end":{"line":257,"column":49}}},"18":{"name":"(anonymous_18)","decl":{"start":{"line":284,"column":20},"end":{"line":284,"column":21}},"loc":{"start":{"line":284,"column":27},"end":{"line":284,"column":51}}},"19":{"name":"(anonymous_19)","decl":{"start":{"line":285,"column":21},"end":{"line":285,"column":22}},"loc":{"start":{"line":285,"column":28},"end":{"line":285,"column":66}}},"20":{"name":"(anonymous_20)","decl":{"start":{"line":290,"column":19},"end":{"line":290,"column":22}},"loc":{"start":{"line":290,"column":25},"end":{"line":290,"column":42}}}},"branchMap":{"0":{"loc":{"start":{"line":29,"column":50},"end":{"line":29,"column":70}},"type":"default-arg","locations":[{"start":{"line":29,"column":65},"end":{"line":29,"column":70}}]},"1":{"loc":{"start":{"line":35,"column":21},"end":{"line":35,"column":46}},"type":"binary-expr","locations":[{"start":{"line":35,"column":21},"end":{"line":35,"column":31}},{"start":{"line":35,"column":35},"end":{"line":35,"column":46}}]},"2":{"loc":{"start":{"line":58,"column":31},"end":{"line":58,"column":106}},"type":"binary-expr","locations":[{"start":{"line":58,"column":31},"end":{"line":58,"column":63}},{"start":{"line":58,"column":68},"end":{"line":58,"column":106}}]},"3":{"loc":{"start":{"line":59,"column":4},"end":{"line":84,"column":5}},"type":"if","locations":[{"start":{"line":59,"column":4},"end":{"line":84,"column":5}}]},"4":{"loc":{"start":{"line":88,"column":4},"end":{"line":91,"column":5}},"type":"if","locations":[{"start":{"line":88,"column":4},"end":{"line":91,"column":5}}]},"5":{"loc":{"start":{"line":93,"column":4},"end":{"line":97,"column":5}},"type":"if","locations":[{"start":{"line":93,"column":4},"end":{"line":97,"column":5}},{"start":{"line":95,"column":11},"end":{"line":97,"column":5}}]},"6":{"loc":{"start":{"line":102,"column":4},"end":{"line":102,"column":24}},"type":"if","locations":[{"start":{"line":102,"column":4},"end":{"line":102,"column":24}}]},"7":{"loc":{"start":{"line":115,"column":42},"end":{"line":115,"column":97}},"type":"binary-expr","locations":[{"start":{"line":115,"column":42},"end":{"line":115,"column":67}},{"start":{"line":115,"column":71},"end":{"line":115,"column":97}}]},"8":{"loc":{"start":{"line":116,"column":4},"end":{"line":116,"column":53}},"type":"if","locations":[{"start":{"line":116,"column":4},"end":{"line":116,"column":53}}]},"9":{"loc":{"start":{"line":123,"column":4},"end":{"line":123,"column":28}},"type":"if","locations":[{"start":{"line":123,"column":4},"end":{"line":123,"column":28}}]},"10":{"loc":{"start":{"line":139,"column":60},"end":{"line":139,"column":79}},"type":"binary-expr","locations":[{"start":{"line":139,"column":60},"end":{"line":139,"column":70}},{"start":{"line":139,"column":74},"end":{"line":139,"column":79}}]},"11":{"loc":{"start":{"line":166,"column":70},"end":{"line":166,"column":105}},"type":"cond-expr","locations":[{"start":{"line":166,"column":85},"end":{"line":166,"column":100}},{"start":{"line":166,"column":103},"end":{"line":166,"column":105}}]},"12":{"loc":{"start":{"line":180,"column":12},"end":{"line":180,"column":58}},"type":"if","locations":[{"start":{"line":180,"column":12},"end":{"line":180,"column":58}}]},"13":{"loc":{"start":{"line":183,"column":12},"end":{"line":185,"column":null}},"type":"cond-expr","locations":[{"start":{"line":184,"column":16},"end":{"line":184,"column":102}},{"start":{"line":185,"column":16},"end":{"line":185,"column":null}}]},"14":{"loc":{"start":{"line":187,"column":17},"end":{"line":187,"column":74}},"type":"cond-expr","locations":[{"start":{"line":187,"column":27},"end":{"line":187,"column":50}},{"start":{"line":187,"column":53},"end":{"line":187,"column":74}}]},"15":{"loc":{"start":{"line":189,"column":11},"end":{"line":189,"column":86}},"type":"cond-expr","locations":[{"start":{"line":189,"column":21},"end":{"line":189,"column":52}},{"start":{"line":189,"column":55},"end":{"line":189,"column":86}}]},"16":{"loc":{"start":{"line":200,"column":51},"end":{"line":200,"column":96}},"type":"cond-expr","locations":[{"start":{"line":200,"column":58},"end":{"line":200,"column":67}},{"start":{"line":200,"column":70},"end":{"line":200,"column":96}}]},"17":{"loc":{"start":{"line":204,"column":16},"end":{"line":206,"column":null}},"type":"cond-expr","locations":[{"start":{"line":205,"column":20},"end":{"line":205,"column":78}},{"start":{"line":206,"column":20},"end":{"line":206,"column":null}}]},"18":{"loc":{"start":{"line":208,"column":17},"end":{"line":208,"column":87}},"type":"cond-expr","locations":[{"start":{"line":208,"column":24},"end":{"line":208,"column":56}},{"start":{"line":208,"column":59},"end":{"line":208,"column":87}}]},"19":{"loc":{"start":{"line":214,"column":18},"end":{"line":216,"column":null}},"type":"cond-expr","locations":[{"start":{"line":215,"column":22},"end":{"line":215,"column":78}},{"start":{"line":216,"column":22},"end":{"line":216,"column":null}}]},"20":{"loc":{"start":{"line":220,"column":89},"end":{"line":220,"column":127}},"type":"cond-expr","locations":[{"start":{"line":220,"column":96},"end":{"line":220,"column":111}},{"start":{"line":220,"column":114},"end":{"line":220,"column":127}}]},"21":{"loc":{"start":{"line":230,"column":9},"end":{"line":242,"column":null}},"type":"binary-expr","locations":[{"start":{"line":230,"column":9},"end":{"line":230,"column":17}},{"start":{"line":231,"column":10},"end":{"line":241,"column":null}}]},"22":{"loc":{"start":{"line":248,"column":7},"end":{"line":265,"column":null}},"type":"binary-expr","locations":[{"start":{"line":248,"column":7},"end":{"line":248,"column":2
[...]
},"182":{"start":{"line":452,"column":23},"end":{"line":452,"column":60}},"183":{"start":{"line":452,"column":43},"end":{"line":452,"column":59}},"184":{"start":{"line":453,"column":4},"end":{"line":455,"column":5}},"185":{"start":{"line":454,"column":6},"end":{"line":454,"column":101}},"186":{"start":{"line":457,"column":4},"end":{"line":457,"column":70}},"187":{"start":{"line":458,"column":4},"end":{"line":458,"column":76}},"188":{"start":{"line":459,"column":4},"end":{"line":459,"column":81}},"189":{"start":{"line":461,"column":4},"end":{"line":461,"column":25}},"190":{"start":{"line":466,"column":4},"end":{"line":471,"column":7}},"191":{"start":{"line":476,"column":13},"end":{"line":476,"column":59}},"192":{"start":{"line":479,"column":0},"end":{"line":481,"column":1}},"193":{"start":{"line":480,"column":2},"end":{"line":480,"column":43}}},"fnMap":{"0":{"name":"(anonymous_0)","decl":{"start":{"line":53,"column":2},"end":{"line":53,"column":null}},"loc":{"start":{"line":53,"column":2},"end":{"line":56,"column":3}}},"1":{"name":"(anonymous_1)","decl":{"start":{"line":61,"column":2},"end":{"line":61,"column":17}},"loc":{"start":{"line":61,"column":43},"end":{"line":73,"column":3}}},"2":{"name":"(anonymous_2)","decl":{"start":{"line":67,"column":42},"end":{"line":67,"column":45}},"loc":{"start":{"line":67,"column":47},"end":{"line":69,"column":5}}},"3":{"name":"(anonymous_3)","decl":{"start":{"line":78,"column":2},"end":{"line":78,"column":16}},"loc":{"start":{"line":78,"column":16},"end":{"line":90,"column":3}}},"4":{"name":"(anonymous_4)","decl":{"start":{"line":88,"column":27},"end":{"line":88,"column":35}},"loc":{"start":{"line":88,"column":39},"end":{"line":88,"column":60}}},"5":{"name":"(anonymous_5)","decl":{"start":{"line":95,"column":2},"end":{"line":95,"column":22}},"loc":{"start":{"line":95,"column":22},"end":{"line":107,"column":3}}},"6":{"name":"(anonymous_6)","decl":{"start":{"line":112,"column":2},"end":{"line":112,"column":7}},"loc":{"start":{"line":114,"column":35},"end":{"line":135,"column":3}}},"7":{"name":"(anonymous_7)","decl":{"start":{"line":140,"column":2},"end":{"line":140,"column":16}},"loc":{"start":{"line":140,"column":80},"end":{"line":147,"column":3}}},"8":{"name":"(anonymous_8)","decl":{"start":{"line":152,"column":2},"end":{"line":152,"column":24}},"loc":{"start":{"line":152,"column":66},"end":{"line":158,"column":3}}},"9":{"name":"(anonymous_9)","decl":{"start":{"line":163,"column":2},"end":{"line":163,"column":23}},"loc":{"start":{"line":163,"column":65},"end":{"line":173,"column":3}}},"10":{"name":"(anonymous_10)","decl":{"start":{"line":164,"column":36},"end":{"line":164,"column":37}},"loc":{"start":{"line":164,"column":60},"end":{"line":172,"column":5}}},"11":{"name":"(anonymous_11)","decl":{"start":{"line":166,"column":43},"end":{"line":166,"column":44}},"loc":{"start":{"line":166,"column":55},"end":{"line":166,"column":68}}},"12":{"name":"(anonymous_12)","decl":{"start":{"line":176,"column":10},"end":{"line":176,"column":29}},"loc":{"start":{"line":176,"column":29},"end":{"line":196,"column":3}}},"13":{"name":"(anonymous_13)","decl":{"start":{"line":180,"column":53},"end":{"line":180,"column":54}},"loc":{"start":{"line":180,"column":68},"end":{"line":182,"column":7}}},"14":{"name":"(anonymous_14)","decl":{"start":{"line":185,"column":40},"end":{"line":185,"column":41}},"loc":{"start":{"line":185,"column":55},"end":{"line":187,"column":7}}},"15":{"name":"(anonymous_15)","decl":{"start":{"line":190,"column":41},"end":{"line":190,"column":42}},"loc":{"start":{"line":190,"column":56},"end":{"line":194,"column":7}}},"16":{"name":"(anonymous_16)","decl":{"start":{"line":198,"column":10},"end":{"line":198,"column":35}},"loc":{"start":{"line":198,"column":35},"end":{"line":212,"column":3}}},"17":{"name":"(anonymous_17)","decl":{"start":{"line":201,"column":39},"end":{"line":201,"column":40}},"loc":{"start":{"line":201,"column":54},"end":{"line":205,"column":7}}},"18":{"name":"(anonymous_18)","decl":{"start":{"line":208,"column":37},"end":{"line":208,"column":38}},"loc":{"start":{"line":208,"column":52},"end":{"line":210,"column":7}}},"19":{"name":"(anonymous_19)","decl":{"start":{"line":214,"column":10},"end":{"line":214,"column":23}},"loc":{"start":{"line":214,"column":73},"end":{"line":225,"column":3}}},"20":{"name":"(anonymous_20)","decl":{"start":{"line":216,"column":47},"end":{"line":216,"column":48}},"loc":{"start":{"line":216,"column":56},"end":{"line":218,"column":7}}},"21":{"name":"(anonymous_21)","decl":{"start":{"line":227,"column":10},"end":{"line":227,"column":24}},"loc":{"start":{"line":227,"column":24},"end":{"line":250,"column":3}}},"22":{"name":"(anonymous_22)","decl":{"start":{"line":252,"column":10},"end":{"line":252,"column":24}},"loc":{"start":{"line":252,"column":24},"end":{"line":270,"column":3}}},"23":{"name":"(anonymous_23)","decl":{"start":{"line":272,"column":10},"end":{"line":272,"column":27}},"loc":{"start":{"line":272,"column":27},"end":{"line":290,"column":3}}},"24":{"name":"(anonymous_24)","decl":{"start":{"line":276,"column":23},"end":{"line":276,"column":26}},"loc":{"start":{"line":276,"column":28},"end":{"line":287,"column":5}}},"25":{"name":"(anonymous_25)","decl":{"start":{"line":292,"column":10},"end":{"line":292,"column":32}},"loc":{"start":{"line":292,"column":32},"end":{"line":298,"column":3}}},"26":{"name":"(anonymous_26)","decl":{"start":{"line":300,"column":10},"end":{"line":300,"column":22}},"loc":{"start":{"line":300,"column":82},"end":{"line":315,"column":3}}},"27":{"name":"(anonymous_27)","decl":{"start":{"line":317,"column":10},"end":{"line":317,"column":30}},"loc":{"start":{"line":317,"column":58},"end":{"line":341,"column":3}}},"28":{"name":"(anonymous_28)","decl":{"start":{"line":343,"column":10},"end":{"line":343,"column":23}},"loc":{"start":{"line":343,"column":23},"end":{"line":349,"column":3}}},"29":{"name":"(anonymous_29)","decl":{"start":{"line":345,"column":25},"end":{"line":345,"column":36}},"loc":{"start":{"line":345,"column":39},"end":{"line":347,"column":5}}},"30":{"name":"(anonymous_30)","decl":{"start":{"line":348,"column":27},"end":{"line":348,"column":28}},"loc":{"start":{"line":348,"column":37},"end":{"line":348,"column":62}}},"31":{"name":"(anonymous_31)","decl":{"start":{"line":351,"column":10},"end":{"line":351,"column":26}},"loc":{"start":{"line":351,"column":60},"end":{"line":354,"column":3}}},"32":{"name":"(anonymous_32)","decl":{"start":{"line":356,"column":10},"end":{"line":356,"column":26}},"loc":{"start":{"line":356,"column":26},"end":{"line":377,"column":3}}},"33":{"name":"(anonymous_33)","decl":{"start":{"line":379,"column":10},"end":{"line":379,"column":31}},"loc":{"start":{"line":379,"column":86},"end":{"line":396,"column":3}}},"34":{"name":"(anonymous_34)","decl":{"start":{"line":381,"column":47},"end":{"line":381,"column":48}},"loc":{"start":{"line":381,"column":52},"end":{"line":381,"column":75}}},"35":{"name":"(anonymous_35)","decl":{"start":{"line":382,"column":46},"end":{"line":382,"column":47}},"loc":{"start":{"line":382,"column":51},"end":{"line":382,"column":73}}},"36":{"name":"(anonymous_36)","decl":{"start":{"line":398,"column":10},"end":{"line":398,"column":29}},"loc":{"start":{"line":398,"column":84},"end":{"line":420,"column":3}}},"37":{"name":"(anonymous_37)","decl":{"start":{"line":409,"column":36},"end":{"line":409,"column":37}},"loc":{"start":{"line":409,"column":41},"end":{"line":409,"column":95}}},"38":{"name":"(anonymous_38)","decl":{"start":{"line":414,"column":34},"end":{"line":414,"column":35}},"loc":{"start":{"line":414,"column":39},"end":{"line":414,"column":78}}},"39":{"name":"(anonymous_39)","decl":{"start":{"line":422,"column":10},"end":{"line":422,"column":33}},"loc":{"start":{"line":422,"column":88},"end":{"line":443,"column":3}}},"40":{"name":"(anonymous_40)","decl":{"start":{"line":430,"column":39},"end":{"line":430,"column":40}},"loc":{"start":{"line":430,"column":44},"end":{"line":430,"column":103}}},"41":{"name":"(anonymous_41)","decl":{"start":{"line":436,"column":36},"end":{"line":436,"column":37}},"loc":{"start":{"line":436,"column":41},"end":{"line":436,"column":94}}},"42":{"name":"(anonymous_42)","decl":{"start":{"line":445,"column":10},"end":{"line":445,"column":39}},"loc":{"start":{"line":445,"column":94},"end":{"line":462,"column":3}}},"43":{"name":"(anonymous_43)","decl":{"start":{"line":452,"column":38},"end":{"line":452,"column":39}},"loc":{"start":{"line":452,"column":43},"end":{"line":452,"column":59}}},"44":{"name":"(anonymous_44)","decl":{"start":{"line":464,"column":10},"end":{"line":464,"column":22}},"loc":{"start":{"line":464,"column":72},"end":{"line":472,"column":3}}}},"branchMap":{"0":{"loc":{"start":{"line":61,"column":18},"end":{"line":61,"column":43}},"type":"default-arg","locations":[{"start":{"line":61,"column":39},"end":{"line":61,"column":43}}]},"1":{"loc":{"start":{"line":62,"column":4},"end":{"line":62,"column":34}},"type":"if","locations":[{"start":{"line":62,"column":4},"end":{"line":62,"column":34}}]},"2":{"loc":{"start":{"line":79,"column":4},"end":{"line":79,"column":35}},"type":"if","locations":[{"start":{"line":79,"column":4},"end":{"line":79,"column":35}}]},"3":{"loc":{"start":{"line":83,"column":4},"end":{"line":86,"column":5}},"type":"if","locations":[{"start":{"line":83,"column":4},"end":{"line":86,"column":5}}]},"4":{"loc":{"start":{"line":142,"column":42},"end":{"line":142,"column":57}},"type":"cond-expr","locations":[{"start":{"line":142,"column":52},"end":{"line":142,"column":53}},{"start":{"line":142,"column":56},"end":{"line":142,"column":57}}]},"5":{"loc":{"start":{"line":144,"column":4},"end":{"line":146,"column":5}},"type":"if","locations":[{"start":{"line":144,"column":4},"end":{"line":146,"column":5}}]},"6":{"loc":{"start":{"line":155,"column":4},"end":{"line":157,"column":5}},"type":"if","locations":[{"start":{"line":155,"column":4},"end":{"line":157,"column":5}}]},"7":{"loc":{"start":{"line":168,"column":6},"end":{"line":171,"column":7}},"type":"if","locations":[{"start":{"line":168,"column":6},"end":{"line":171,"column":7}}]},"8":{"loc":{"start":{"line":178,"column":4},"end":{"line":195,"column":5}},"type":"if","locations":[{"start":{"line":178,"column":4},"end":{"line":195,"column":5}}]},"9":{"loc":{"start":{"line":191,"column":8},"end":{"line":193,"column":9}},"type":"if","locations":[{"start":{"line":191,"column":8},"end":{"line":193,"column":9}}]},"10":{"loc":{"start":{"line":199,"column":4},"end":{"line":211,"column":5}},"type":"if","locations":[{"start":{"line":199,"column":4},"end":{"line":211,"column":5}}]},"11":{"loc":{"start":{"line":234,"column":4},"end":{"line":236,"column":5}},"type":"if","locations":[{"start":{"line":234,"column":4},"end":{"line":236,"column":5}}]},"12":{"loc":{"start":{"line":234,"column":8},"end":{"line":234,"column":52}},"type":"binary-expr","locations":[{"start":{"line":234,"column":8},"end":{"line":234,"column":26}},{"start":{"line":234,"column":30},"end":{"line":234,"column":52}}]},"13":{"loc":{"start":{"line":239,"column":4},"end":{"line":243,"column":5}},"type":"if","locations":[{"start":{"line":239,"column":4},"end":{"line":243,"column":5}}]},"14":{"loc":{"start":{"line":241,"column":44},"end":{"line":241,"column":68}},"type":"binary-expr","locations":[{"start":{"line":241,"column":44},"end":{"line":241,"column":63}},{"start":{"line":241,"column":67},"end":{"line":241,"column":68}}]},"15":{"loc":{"start":{"line":242,"column":39},"end":{"line":242,"column":58}},"type":"binary-expr","locations":[{"start":{"line":242,"column":39},"end":{"line":242,"column":53}},{"start":{"line":242,"column":57},"end":{"line":242,"column":58}}]},"16":{"loc":{"start":{"line":253,"column":4},"end":{"line":262,"column":5}},"type":"if","locations":[{"start":{"line":253,"column":4},"end":{"line":262,"column":5}}]},"17":{"loc":{"start":{"line":280,"column":6},"end":{"line":284,"column":7}},"type":"if","locations":[{"start":{"line":280,"column":6},"end":{"line":284,"column":7}}]},"18":{"loc":{"start":{"line":302,"column":12},"end":{"line":302,"column":49}},"type":"cond-expr","locations":[{"start":{"line":302,"column":22},"end":{"line":302,"column":42}},{"start":{"line":302,"column":45},"end":{"line":302,"column":49}}]},"19":{"loc":{"start":{"line":310,"column":21},"end":{"line":310,"column":48}},"type":"binary-expr","locations":[{"start":{"line":310,"column":21},"end":{"line":310,"column":42}},{"start":{"line":310,"column":46},"end":{"line":310,"column":48}}]},"20":{"loc":{"start":{"line":328,"column":4},"end":{"line":328,"column":34}},"type":"if","locations":[{"start":{"line":328,"column":4},"end":{"line":328,"column":34}}]},"21":{"loc":{"start":{"line":330,"column":4},"end":{"line":338,"column":5}},"type":"if","locations":[{"start":{"line":330,"column":4},"end":{"line":338,"column":5}},{"start":{"line":334,"column":11},"end":{"line":338,"column":5}}]},"22":{"loc":{"start":{"line":332,"column":6},"end":{"line":332,"column":56}},"type":"if","locations":[{"start":{"line":332,"column":6},"end":{"line":332,"column":56}}]},"23":{"loc":{"start":{"line":333,"column":6},"end":{"line":333,"column":54}},"type":"if","locations":[{"start":{"line":333,"column":6},"end":{"line":333,"column":54}}]},"24":{"loc":{"start":{"line":336,"column":6},"end":{"line":336,"column":56}},"type":"if","locations":[{"start":{"line":336,"column":6},"end":{"line":336,"column":56}}]},"25":{"loc":{"start":{"line":337,"column":6},"end":{"line":337,"column":54}},"type":"if","locations":[{"start":{"line":337,"column":6},"end":{"line":337,"column":54}}]},"26":{"loc":{"start":{"line":352,"column":20},"end":{"line":352,"column":54}},"type":"binary-expr","locations":[{"start":{"line":352,"column":20},"end":{"line":352,"column":48}},{"start":{"line":352,"column":52},"end":{"line":352,"column":54}}]},"27":{"loc":{"start":{"line":389,"column":4},"end":{"line":390,"column":58}},"type":"if","locations":[{"start":{"line":389,"column":4},"end":{"line":390,"column":58}},{"start":{"line":390,"column":9},"end":{"line":390,"column":58}}]},"28":{"loc":{"start":{"line":390,"column":9},"end":{"line":390,"column":58}},"type":"if","locations":[{"start":{"line":390,"column":9},"end":{"line":390,"column":58}}]},"29":{"loc":{"start":{"line":392,"column":4},"end":{"line":393,"column":50}},"type":"if","locations":[{"start":{"line":392,"column":4},"end":{"line":393,"column":50}},{"start":{"line":393,"column":9},"end":{"line":393,"column":50}}]},"30":{"loc":{"start":{"line":393,"column":9},"end":{"line":393,"column":50}},"type":"if","locations":[{"start":{"line":393,"column":9},"end":{"line":393,"column":50}}]},"31":{"loc":{"start":{"line":401,"column":4},"end":{"line":403,"column":5}},"type":"if","locations":[{"start":{"line":401,"column":4},"end":{"line":403,"column":5}}]},"32":{"loc":{"start":{"line":405,"column":4},"end":{"line":407,"column":5}},"type":"if","locations":[{"start":{"line":405,"column":4},"end":{"line":407,"column":5}}]},"33":{"loc":{"start":{"line":409,"column":41},"end":{"line":409,"column":95}},"type":"binary-expr","locations":[{"start":{"line":409,"column":41},"end":{"line":409,"column":77}},{"start":{"line":409,"column":81},"end":{"line":409,"column":95}}]},"34":{"loc":{"start":{"line":410,"column":4},"end":{"line":412,"column":5}},"type":"if","locations":[{"start":{"line":410,"column":4},"end":{"line":412,"column":5}}]},"35":{"loc":{"start":{"line":414,"column":39},"end":{"line":414,"column":78}},"type":"binary-expr","locations":[{"start":{"line":414,"column":39},"end":{"line":414,"column":62}},{"start":{"line":414,"column":66},"end":{"line":414,"column":78}}]},"36":{"loc":{"start":{"line":415,"column":4},"end":{"line":417,"column":5}},"type":"if","locations":[{"start":{"line":415,"column":4},"end":{"line":417,"column":5}}]},"37":{"loc":{"start":{"line":425,"column":4},"end":{"line":428,"column":5}},"type":"if","locations":[{"start":{"line":425,"column":4},"end":{"line":428,"column":5}}]},"38":{"loc":{"start":{"line":430,"column":44},"end":{"line":430,"column":103}},"type":"binary-expr","locations":[{"start":{"line":430,"column":44},"end":{"line":430,"column":84}},{"start":{"line":430,"column":88},"end":{"line":430,"column":103}}]},"39":{"loc":{"start":{"line":431,"column":4},"end":{"line":434,"column":5}},"type":"if","locations":[{"start":{"line":431,"column":4},"end":{"line":434,"column":5}}]},"40":{"loc":{"start":{"line":436,"column":41},"end":{"line":436,"column":94}},"type":"binary-expr","locations":[{"start":{"line":436,"column":41},"end":{"line":436,"column":77}},{"start":{"line":436,"column":81},"end":{"line":436,"column":94}}]},"41":{"loc":{"start":{"line":437,"column":4},"end":{"line":440,"column":5}},"type":"if","locations":[{"start":{"line":437,"column":4},"end":{"line":440,"column":5}}]},"42":{"loc":{"start":{"line":448,"column":4},"end":{"line":450,"column":5}},"type":"if","locations":[{"start":{"line":448,"column":4},"end":{"line":450,"column":5}}]},"43":{"loc":{"start":{"line":453,"column":4},"end":{"line":455,"column":5}},"type":"if","locations":[{"start":{"line":453,"column":4},"end":{"line":455,"column":5}}]},"44":{"loc":{"start":{"line":453,"column":8},"end":{"line":453,"column":59}},"type":"binary-expr","locations":[{"start":{"line":453,"column":8},"end":{"line":453,"column":29}},{"start":{"line":453,"column":33},"end":{"line":453,"column":59}}]},"45":{"loc":{"start":{"line":470,"column":16},"end":{"line":470,"column":65}},"type":"cond-expr","locations":[{"start":{"line":470,"column":43},"end":{"line":470,"column":53}},{"start":{"line":470,"column":56},"end":{"line":470,"column":65}}]},"46":{"loc":{"start":{"line":479,"column":0},"end":{"line":481,"column":1}},"type":"if","locations":[{"start":{"line":479,"column":0},"end":{"line":481,"column":1}}]}},"s":{"0":0,"1":0,"2":0,"3":0,"4":0,"5":0,"6":0,"7":0,"8":0,"9":0,"10":0,"11":0,"12":0,"13":0,"14":0,"15":0,"16":0,"17":0,"18":0,"19":0,"20":0,"21":0,"22":0,"23":0,"24":0,"25":0,"26":0,"27":0,"28":0,"29":0,"30":0,"31":0,"32":0,"33":0,"34":0,"35":0,"36":0,"37":0,"38":0,"39":0,"40":0,"41":0,"42":0,"43":0,"44":0,"45":0,"46":0,"47":0,"48":0,"49":0,"50":0,"51":0,"52":0,"53":0,"54":0,"55":0,"56":0,"57":0,"58":0,"59":0,"60":0,"61":0,"62":0,"63":0,"64":0,"65":0,"66":0,"67":0,"68":0,"69":0,"70":0,"71":0,"72":0,"73":0,"74":0,"75":0,"76":0,"77":0,"78":0,"79":0,"80":0,"81":0,"82":0,"83":0,"84":0,"85":0,"86":0,"87":0,"88":0,"89":0,"90":0,"91":0,"92":0,"93":0,"94":0,"95":0,"96":0,"97":0,"98":0,"99":0,"100":0,"101":0,"102":0,"103":0,"104":0,"105":0,"106":0,"107":0,"108":0,"109":0,"110":0,"111":0,"112":0,"113":0,"114":0,"115":0,"116":0,"117":0,"118":0,"119":0,"120":0,"121":0,"122":0,"123":0,"124":0,"125":0,"126":0,"127":0,"128":0,"129":0,"130":0,"131":0,"132":0,"133":0,"134":0,"135":0,"136":0,"137":0,"138":0,"139":0,"140":0,"141":0,"142":0,"143":0,"144":0,"145":0,"146":0,"147":0,"148":0,"149":0,"150":0,"151":0,"152":0,"153":0,"154":0,"155":0,"156":0,"157":0,"158":0,"159":0,"160":0,"161":0,"162":0,"163":0,"164":0,"165":0,"166":0,"167":0,"168":0,"169":0,"170":0,"171":0,"172":0,"173":0,"174":0,"175":0,"176":0,"177":0,"178":0,"179":0,"180":0,"181":0,"182":0,"183":0,"184":0,"185":0,"186":0,"187":0,"188":0,"189":0,"190":0,"191":0,"192":0,"193":0},"f":{"0":0,"1":0,"2":0,"3":0,"4":0,"5":0,"6":0,"7":0,"8":0,"9":0,"10":0,"11":0,"12":0,"13":0,"14":0,"15":0,"16":0,"17":0,"18":0,"19":0,"20":0,"21":0,"22":0,"23":0,"24":0,"25":0,"26":0,"27":0,"28":0,"29":0,"30":0,"31":0,"32":0,"33":0,"34":0,"35":0,"36":0,"37":0,"38":0,"39":0,"40":0,"41":0,"42":0,"43":0,"44":0},"b":{"0":[0],"1":[0],"2":[0],"3":[0],"4":[0,0],"5":[0],"6":[0],"7":[0],"8":[0],"9":[0],"10":[0],"11":[0],"12":[0,0],"13":[0],"14":[0,0],"15":[0,0],"16":[0],"17":[0],"18":[0,0],"19":[0,0],"20":[0],"21":[0,0],"22":[0],"23":[0],"24":[0],"25":[0],"26":[0,0],"27":[0,0],"28":[0],"29":[0,0],"30":[0],"31":[0],"32":[0],"33":[0,0],"34":[0],"35":[0,0],"36":[0],"37":[0],"38":[0,0],"39":[0],"40":[0,0],"41":[0],"42":[0],"43":[0],"44":[0,0],"45":[0,0],"46":[0]}}
}
