TN:
SF:server\database.ts
FN:98,(anonymous_0)
FN:100,(anonymous_1)
FN:112,(anonymous_2)
FN:122,(anonymous_3)
FN:123,(anonymous_4)
FN:131,(anonymous_5)
FN:133,(anonymous_6)
FN:158,(anonymous_7)
FN:166,(anonymous_8)
FN:169,(anonymous_9)
FN:170,(anonymous_10)
FN:173,(anonymous_11)
FNF:12
FNH:12
FNDA:8,(anonymous_0)
FNDA:4,(anonymous_1)
FNDA:3,(anonymous_2)
FNDA:3,(anonymous_3)
FNDA:7,(anonymous_4)
FNDA:10,(anonymous_5)
FNDA:40,(anonymous_6)
FNDA:3,(anonymous_7)
FNDA:4,(anonymous_8)
FNDA:16,(anonymous_9)
FNDA:25,(anonymous_10)
FNDA:16,(anonymous_11)
DA:43,2
DA:79,2
DA:86,2
DA:98,8
DA:100,2
DA:101,4
DA:102,4
DA:108,4
DA:111,4
DA:112,3
DA:113,1
DA:114,1
DA:115,1
DA:119,4
DA:122,2
DA:123,7
DA:124,3
DA:125,2
DA:126,2
DA:128,1
DA:131,2
DA:133,10
DA:134,40
DA:135,40
DA:136,40
DA:137,40
DA:138,40
DA:140,40
DA:141,10
DA:142,30
DA:143,10
DA:145,20
DA:148,40
DA:158,2
DA:160,3
DA:161,3
DA:162,3
DA:163,3
DA:166,2
DA:167,4
DA:168,4
DA:169,16
DA:170,25
DA:173,16
DA:175,4
LF:45
LH:45
BRDA:111,0,0,1
BRDA:111,1,0,4
BRDA:111,1,1,3
BRDA:113,2,0,1
BRDA:124,3,0,2
BRDA:140,4,0,10
BRDA:140,4,1,30
BRDA:142,5,0,10
BRDA:142,5,1,20
BRDA:177,6,0,0
BRDA:177,6,1,4
BRF:11
BRH:10
end_of_record
TN:
SF:server\gemini.ts
FN:46,(anonymous_0)
FN:51,(anonymous_1)
FN:60,(anonymous_2)
FN:61,(anonymous_3)
FN:131,(anonymous_4)
FN:134,(anonymous_5)
FN:148,(anonymous_6)
FNF:7
FNH:0
FNDA:0,(anonymous_0)
FNDA:0,(anonymous_1)
FNDA:0,(anonymous_2)
FNDA:0,(anonymous_3)
FNDA:0,(anonymous_4)
FNDA:0,(anonymous_5)
FNDA:0,(anonymous_6)
DA:1,1
DA:2,1
DA:3,1
DA:5,1
DA:7,1
DA:8,1
DA:11,1
DA:12,0
DA:13,0
DA:14,0
DA:16,0
DA:19,1
DA:22,1
DA:46,1
DA:47,0
DA:49,0
DA:50,0
DA:51,0
DA:52,0
DA:60,0
DA:61,0
DA:67,0
DA:68,0
DA:77,0
DA:78,0
DA:84,0
DA:85,0
DA:92,0
DA:93,0
DA:100,0
DA:101,0
DA:102,0
DA:108,0
DA:116,0
DA:117,0
DA:124,0
DA:131,1
DA:132,0
DA:134,0
DA:135,0
DA:138,0
DA:139,0
DA:145,0
DA:146,0
DA:147,0
DA:148,0
DA:149,0
DA:158,0
DA:159,0
DA:160,0
DA:162,0
DA:163,0
LF:52
LH:11
BRDA:11,0,0,0
BRDA:11,0,1,1
BRDA:11,1,0,1
BRDA:11,1,1,0
BRDA:11,1,2,0
BRDA:49,2,0,0
BRDA:49,3,0,0
BRDA:49,3,1,0
BRDA:49,3,2,0
BRDA:49,3,3,0
BRDA:60,4,0,0
BRDA:60,4,1,0
BRDA:61,5,0,0
BRDA:61,5,1,0
BRDA:67,6,0,0
BRDA:67,7,0,0
BRDA:67,7,1,0
BRDA:67,7,2,0
BRDA:77,8,0,0
BRDA:77,9,0,0
BRDA:77,9,1,0
BRDA:77,9,2,0
BRDA:84,10,0,0
BRDA:84,11,0,0
BRDA:84,11,1,0
BRDA:92,12,0,0
BRDA:92,13,0,0
BRDA:92,13,1,0
BRDA:92,13,2,0
BRDA:92,13,3,0
BRDA:100,14,0,0
BRDA:100,15,0,0
BRDA:100,15,1,0
BRDA:100,15,2,0
BRDA:100,15,3,0
BRDA:100,15,4,0
BRDA:101,16,0,0
BRDA:101,17,0,0
BRDA:101,17,1,0
BRDA:116,18,0,0
BRDA:116,19,0,0
BRDA:116,19,1,0
BRDA:116,19,2,0
BRDA:116,19,3,0
BRDA:116,19,4,0
BRDA:131,20,0,0
BRDA:132,21,0,0
BRDA:146,22,0,0
BRDA:146,23,0,0
BRDA:146,23,1,0
BRDA:146,23,2,0
BRDA:146,23,3,0
BRF:52
BRH:2
end_of_record
TN:
SF:server\index.ts
FN:51,(anonymous_0)
FN:74,(anonymous_1)
FN:103,(anonymous_2)
FN:118,(anonymous_3)
FN:129,(anonymous_4)
FN:133,(anonymous_5)
FN:138,(anonymous_6)
FN:176,(anonymous_7)
FN:199,(anonymous_8)
FN:213,(anonymous_9)
FN:239,(anonymous_10)
FN:272,(anonymous_11)
FN:287,(anonymous_12)
FN:301,(anonymous_13)
FN:316,(anonymous_14)
FN:331,(anonymous_15)
FN:346,(anonymous_16)
FN:355,(anonymous_17)
FN:360,(anonymous_18)
FN:366,(anonymous_19)
FN:373,(anonymous_20)
FNF:21
FNH:0
FNDA:0,(anonymous_0)
FNDA:0,(anonymous_1)
FNDA:0,(anonymous_2)
FNDA:0,(anonymous_3)
FNDA:0,(anonymous_4)
FNDA:0,(anonymous_5)
FNDA:0,(anonymous_6)
FNDA:0,(anonymous_7)
FNDA:0,(anonymous_8)
FNDA:0,(anonymous_9)
FNDA:0,(anonymous_10)
FNDA:0,(anonymous_11)
FNDA:0,(anonymous_12)
FNDA:0,(anonymous_13)
FNDA:0,(anonymous_14)
FNDA:0,(anonymous_15)
FNDA:0,(anonymous_16)
FNDA:0,(anonymous_17)
FNDA:0,(anonymous_18)
FNDA:0,(anonymous_19)
FNDA:0,(anonymous_20)
DA:1,0
DA:2,0
DA:3,0
DA:4,0
DA:5,0
DA:6,0
DA:14,0
DA:16,0
DA:18,0
DA:19,0
DA:23,0
DA:46,0
DA:50,0
DA:53,0
DA:55,0
DA:56,0
DA:58,0
DA:68,0
DA:74,0
DA:77,0
DA:85,0
DA:93,0
DA:96,0
DA:103,0
DA:105,0
DA:106,0
DA:110,0
DA:111,0
DA:112,0
DA:114,0
DA:118,0
DA:119,0
DA:122,0
DA:129,0
DA:130,0
DA:133,0
DA:134,0
DA:138,0
DA:139,0
DA:142,0
DA:143,0
DA:150,0
DA:151,0
DA:157,0
DA:158,0
DA:165,0
DA:166,0
DA:167,0
DA:170,0
DA:176,0
DA:177,0
DA:178,0
DA:180,0
DA:181,0
DA:184,0
DA:185,0
DA:186,0
DA:193,0
DA:194,0
DA:199,0
DA:200,0
DA:201,0
DA:202,0
DA:208,0
DA:209,0
DA:213,0
DA:214,0
DA:215,0
DA:216,0
DA:217,0
DA:218,0
DA:219,0
DA:221,0
DA:222,0
DA:225,0
DA:226,0
DA:229,0
DA:234,0
DA:235,0
DA:239,0
DA:240,0
DA:241,0
DA:244,0
DA:245,0
DA:248,0
DA:249,0
DA:255,0
DA:256,0
DA:257,0
DA:258,0
DA:261,0
DA:266,0
DA:267,0
DA:272,0
DA:273,0
DA:274,0
DA:275,0
DA:281,0
DA:282,0
DA:287,0
DA:288,0
DA:289,0
DA:290,0
DA:295,0
DA:296,0
DA:301,0
DA:302,0
DA:303,0
DA:304,0
DA:310,0
DA:311,0
DA:316,0
DA:317,0
DA:331,0
DA:332,0
DA:335,0
DA:337,0
DA:346,0
DA:347,0
DA:355,0
DA:356,0
DA:357,0
DA:360,0
DA:361,0
DA:362,0
DA:366,0
DA:367,0
DA:368,0
DA:369,0
DA:373,0
DA:374,0
DA:377,0
LF:132
LH:0
BRDA:19,0,0,0
BRDA:19,0,1,0
BRDA:46,1,0,0
BRDA:46,1,1,0
BRDA:47,2,0,0
BRDA:47,2,1,0
BRDA:53,3,0,0
BRDA:55,4,0,0
BRDA:55,4,1,0
BRDA:105,5,0,0
BRDA:105,6,0,0
BRDA:105,6,1,0
BRDA:118,7,0,0
BRDA:119,8,0,0
BRDA:142,9,0,0
BRDA:142,10,0,0
BRDA:142,10,1,0
BRDA:142,10,2,0
BRDA:142,10,3,0
BRDA:142,10,4,0
BRDA:142,10,5,0
BRDA:150,11,0,0
BRDA:157,12,0,0
BRDA:166,13,0,0
BRDA:178,14,0,0
BRDA:178,14,1,0
BRDA:180,15,0,0
BRDA:180,16,0,0
BRDA:180,16,1,0
BRDA:225,17,0,0
BRDA:225,18,0,0
BRDA:225,18,1,0
BRDA:244,19,0,0
BRDA:248,20,0,0
BRDA:248,21,0,0
BRDA:248,21,1,0
BRDA:257,22,0,0
BRDA:320,23,0,0
BRDA:320,23,1,0
BRDA:321,24,0,0
BRDA:321,24,1,0
BRDA:341,25,0,0
BRDA:341,25,1,0
BRDA:369,26,0,0
BRDA:369,26,1,0
BRF:45
BRH:0
end_of_record
TN:
SF:src\App.tsx
FN:23,(anonymous_0)
FN:46,(anonymous_1)
FN:77,(anonymous_2)
FN:117,(anonymous_3)
FNF:4
FNH:0
FNDA:0,(anonymous_0)
FNDA:0,(anonymous_1)
FNDA:0,(anonymous_2)
FNDA:0,(anonymous_3)
DA:1,0
DA:2,0
DA:3,0
DA:4,0
DA:7,0
DA:8,0
DA:9,0
DA:10,0
DA:11,0
DA:12,0
DA:13,0
DA:14,0
DA:15,0
DA:16,0
DA:23,0
DA:24,0
DA:26,0
DA:27,0
DA:34,0
DA:35,0
DA:38,0
DA:39,0
DA:42,0
DA:46,0
DA:47,0
DA:49,0
DA:50,0
DA:57,0
DA:58,0
DA:61,0
DA:77,0
DA:78,0
DA:80,0
DA:117,0
DA:118,0
DA:127,0
LF:36
LH:0
BRDA:26,0,0,0
BRDA:34,1,0,0
BRDA:38,2,0,0
BRDA:49,3,0,0
BRDA:57,4,0,0
BRDA:83,5,0,0
BRDA:83,5,1,0
BRDA:112,6,0,0
BRDA:112,6,1,0
BRF:9
BRH:0
end_of_record
TN:
SF:src\api\index.ts
FN:14,(anonymous_0)
FN:33,(anonymous_1)
FN:44,(anonymous_2)
FN:64,(anonymous_3)
FN:79,(anonymous_4)
FN:89,(anonymous_5)
FN:99,(anonymous_6)
FN:161,(anonymous_7)
FNF:8
FNH:0
FNDA:0,(anonymous_0)
FNDA:0,(anonymous_1)
FNDA:0,(anonymous_2)
FNDA:0,(anonymous_3)
FNDA:0,(anonymous_4)
FNDA:0,(anonymous_5)
FNDA:0,(anonymous_6)
FNDA:0,(anonymous_7)
DA:3,0
DA:14,0
DA:15,0
DA:16,0
DA:22,0
DA:24,0
DA:25,0
DA:27,0
DA:29,0
DA:33,0
DA:34,0
DA:35,0
DA:36,0
DA:37,0
DA:39,0
DA:40,0
DA:44,0
DA:45,0
DA:46,0
DA:51,0
DA:52,0
DA:54,0
DA:55,0
DA:64,0
DA:65,0
DA:66,0
DA:71,0
DA:72,0
DA:74,0
DA:75,0
DA:79,0
DA:80,0
DA:81,0
DA:82,0
DA:83,0
DA:85,0
DA:89,0
DA:90,0
DA:91,0
DA:92,0
DA:93,0
DA:95,0
DA:99,0
DA:100,0
DA:101,0
DA:102,0
DA:103,0
DA:105,0
DA:106,0
DA:118,0
DA:143,0
DA:150,0
DA:161,0
DA:162,0
DA:164,0
DA:165,0
DA:170,0
DA:171,0
DA:173,0
DA:174,0
DA:176,0
DA:177,0
DA:179,0
DA:180,0
DA:185,0
LF:65
LH:0
BRDA:14,0,0,0
BRDA:22,1,0,0
BRDA:36,2,0,0
BRDA:51,3,0,0
BRDA:71,4,0,0
BRDA:82,5,0,0
BRDA:92,6,0,0
BRDA:102,7,0,0
BRDA:164,8,0,0
BRDA:164,9,0,0
BRDA:164,9,1,0
BRDA:164,9,2,0
BRDA:164,9,3,0
BRDA:170,10,0,0
BRDA:170,11,0,0
BRDA:170,11,1,0
BRDA:173,12,0,0
BRDA:173,13,0,0
BRDA:173,13,1,0
BRDA:176,14,0,0
BRDA:176,15,0,0
BRDA:176,15,1,0
BRDA:176,15,2,0
BRDA:179,16,0,0
BRF:24
BRH:0
end_of_record
TN:
SF:src\components\AdvancedAnalytics.tsx
FN:26,(anonymous_0)
FN:31,(anonymous_1)
FN:33,(anonymous_2)
FN:59,(anonymous_3)
FN:61,(anonymous_4)
FN:81,(anonymous_5)
FN:86,(anonymous_6)
FN:123,(anonymous_7)
FN:126,(anonymous_8)
FN:237,(anonymous_9)
FN:286,(anonymous_10)
FN:288,(anonymous_11)
FNF:12
FNH:0
FNDA:0,(anonymous_0)
FNDA:0,(anonymous_1)
FNDA:0,(anonymous_2)
FNDA:0,(anonymous_3)
FNDA:0,(anonymous_4)
FNDA:0,(anonymous_5)
FNDA:0,(anonymous_6)
FNDA:0,(anonymous_7)
FNDA:0,(anonymous_8)
FNDA:0,(anonymous_9)
FNDA:0,(anonymous_10)
FNDA:0,(anonymous_11)
DA:1,0
DA:2,0
DA:7,0
DA:8,0
DA:26,0
DA:27,0
DA:28,0
DA:29,0
DA:31,0
DA:33,0
DA:34,0
DA:35,0
DA:37,0
DA:38,0
DA:39,0
DA:42,0
DA:45,0
DA:55,0
DA:59,0
DA:60,0
DA:61,0
DA:62,0
DA:63,0
DA:67,0
DA:75,0
DA:78,0
DA:79,0
DA:81,0
DA:82,0
DA:83,0
DA:86,0
DA:89,0
DA:96,0
DA:103,0
DA:109,0
DA:124,0
DA:126,0
DA:237,0
DA:286,0
DA:289,0
LF:40
LH:0
BRDA:42,0,0,0
BRDA:42,0,1,0
BRDA:42,1,0,0
BRDA:42,1,1,0
BRDA:43,2,0,0
BRDA:43,2,1,0
BRDA:43,3,0,0
BRDA:43,3,1,0
BRDA:49,4,0,0
BRDA:49,4,1,0
BRDA:63,5,0,0
BRDA:63,5,1,0
BRDA:64,6,0,0
BRDA:64,6,1,0
BRDA:65,7,0,0
BRDA:65,7,1,0
BRDA:128,8,0,0
BRDA:128,8,1,0
BRDA:162,9,0,0
BRDA:162,9,1,0
BRDA:171,10,0,0
BRDA:171,10,1,0
BRDA:180,11,0,0
BRDA:180,11,1,0
BRDA:189,12,0,0
BRDA:189,12,1,0
BRF:26
BRH:0
end_of_record
TN:
SF:src\components\ChatBot.tsx
FN:29,(anonymous_0)
FN:48,(anonymous_1)
FN:52,(anonymous_2)
FN:57,(anonymous_3)
FN:65,(anonymous_4)
FN:69,(anonymous_5)
FN:74,(anonymous_6)
FN:79,(anonymous_7)
FN:87,(anonymous_8)
FN:101,(anonymous_9)
FN:115,(anonymous_10)
FN:121,(anonymous_11)
FN:133,(anonymous_12)
FN:149,(anonymous_13)
FN:177,(anonymous_14)
FN:195,(anonymous_15)
FN:254,(anonymous_16)
FN:257,(anonymous_17)
FN:284,(anonymous_18)
FN:285,(anonymous_19)
FN:290,(anonymous_20)
FNF:21
FNH:0
FNDA:0,(anonymous_0)
FNDA:0,(anonymous_1)
FNDA:0,(anonymous_2)
FNDA:0,(anonymous_3)
FNDA:0,(anonymous_4)
FNDA:0,(anonymous_5)
FNDA:0,(anonymous_6)
FNDA:0,(anonymous_7)
FNDA:0,(anonymous_8)
FNDA:0,(anonymous_9)
FNDA:0,(anonymous_10)
FNDA:0,(anonymous_11)
FNDA:0,(anonymous_12)
FNDA:0,(anonymous_13)
FNDA:0,(anonymous_14)
FNDA:0,(anonymous_15)
FNDA:0,(anonymous_16)
FNDA:0,(anonymous_17)
FNDA:0,(anonymous_18)
FNDA:0,(anonymous_19)
FNDA:0,(anonymous_20)
DA:1,0
DA:2,0
DA:3,0
DA:4,0
DA:16,0
DA:29,0
DA:30,0
DA:31,0
DA:39,0
DA:40,0
DA:41,0
DA:42,0
DA:44,0
DA:45,0
DA:48,0
DA:49,0
DA:52,0
DA:53,0
DA:57,0
DA:58,0
DA:59,0
DA:60,0
DA:61,0
DA:62,0
DA:63,0
DA:65,0
DA:66,0
DA:69,0
DA:70,0
DA:71,0
DA:74,0
DA:75,0
DA:76,0
DA:79,0
DA:80,0
DA:83,0
DA:87,0
DA:88,0
DA:89,0
DA:90,0
DA:93,0
DA:94,0
DA:96,0
DA:101,0
DA:102,0
DA:105,0
DA:108,0
DA:110,0
DA:111,0
DA:114,0
DA:115,0
DA:116,0
DA:118,0
DA:121,0
DA:122,0
DA:123,0
DA:126,0
DA:133,0
DA:134,0
DA:135,0
DA:137,0
DA:139,0
DA:141,0
DA:148,0
DA:149,0
DA:150,0
DA:152,0
DA:153,0
DA:157,0
DA:165,0
DA:178,0
DA:179,0
DA:180,0
DA:196,0
DA:197,0
DA:255,0
DA:257,0
DA:284,0
DA:285,0
DA:290,0
LF:80
LH:0
BRDA:29,0,0,0
BRDA:35,1,0,0
BRDA:35,1,1,0
BRDA:58,2,0,0
BRDA:58,2,1,0
BRDA:59,3,0,0
BRDA:88,4,0,0
BRDA:93,5,0,0
BRDA:93,5,1,0
BRDA:102,6,0,0
BRDA:115,7,0,0
BRDA:115,7,1,0
BRDA:116,8,0,0
BRDA:123,9,0,0
BRDA:139,10,0,0
BRDA:139,10,1,0
BRDA:166,11,0,0
BRDA:166,11,1,0
BRDA:180,12,0,0
BRDA:183,13,0,0
BRDA:183,13,1,0
BRDA:187,14,0,0
BRDA:187,14,1,0
BRDA:189,15,0,0
BRDA:189,15,1,0
BRDA:200,16,0,0
BRDA:200,16,1,0
BRDA:204,17,0,0
BRDA:204,17,1,0
BRDA:208,18,0,0
BRDA:208,18,1,0
BRDA:214,19,0,0
BRDA:214,19,1,0
BRDA:220,20,0,0
BRDA:220,20,1,0
BRDA:230,21,0,0
BRDA:230,21,1,0
BRDA:248,22,0,0
BRDA:248,22,1,0
BRDA:248,22,2,0
BRDA:273,23,0,0
BRDA:273,23,1,0
BRDA:277,24,0,0
BRDA:277,24,1,0
BRDA:279,25,0,0
BRDA:279,25,1,0
BRDA:285,26,0,0
BRDA:285,26,1,0
BRDA:286,27,0,0
BRDA:286,27,1,0
BRF:50
BRH:0
end_of_record
TN:
SF:src\components\GlassCard.tsx
FN:13,(anonymous_0)
FNF:1
FNH:1
FNDA:7,(anonymous_0)
DA:1,1
DA:2,1
DA:13,1
DA:21,7
DA:31,7
DA:41,7
DA:42,0
DA:53,7
LF:8
LH:7
BRDA:15,0,0,6
BRDA:16,1,0,7
BRDA:18,2,0,6
BRDA:19,3,0,7
BRDA:34,4,0,7
BRDA:34,4,1,0
BRDA:35,5,0,1
BRDA:35,5,1,6
BRDA:41,6,0,0
BRF:9
BRH:7
end_of_record
TN:
SF:src\components\LiveBadge.tsx
FN:8,(anonymous_0)
FNF:1
FNH:1
FNDA:9,(anonymous_0)
DA:1,1
DA:8,1
DA:9,9
DA:32,9
DA:33,9
DA:35,9
LF:6
LH:6
BRDA:8,0,0,2
BRDA:33,1,0,9
BRDA:33,1,1,8
BRDA:33,2,0,3
BRDA:33,2,1,5
BRDA:33,3,0,1
BRDA:33,3,1,4
BRF:7
BRH:7
end_of_record
TN:
SF:src\components\MapWidget.tsx
FN:78,(anonymous_0)
FN:89,(anonymous_1)
FN:97,(anonymous_2)
FN:107,(anonymous_3)
FN:108,(anonymous_4)
FN:183,(anonymous_5)
FN:192,(anonymous_6)
FN:205,(anonymous_7)
FN:217,(anonymous_8)
FN:218,(anonymous_9)
FN:219,(anonymous_10)
FNF:11
FNH:0
FNDA:0,(anonymous_0)
FNDA:0,(anonymous_1)
FNDA:0,(anonymous_2)
FNDA:0,(anonymous_3)
FNDA:0,(anonymous_4)
FNDA:0,(anonymous_5)
FNDA:0,(anonymous_6)
FNDA:0,(anonymous_7)
FNDA:0,(anonymous_8)
FNDA:0,(anonymous_9)
FNDA:0,(anonymous_10)
DA:1,0
DA:2,0
DA:16,0
DA:43,0
DA:78,0
DA:85,0
DA:86,0
DA:89,0
DA:90,0
DA:91,0
DA:92,0
DA:93,0
DA:96,0
DA:97,0
DA:99,0
DA:100,0
DA:101,0
DA:104,0
DA:107,0
DA:108,0
DA:109,0
DA:110,0
DA:112,0
DA:116,0
DA:123,0
DA:183,0
DA:192,0
DA:206,0
DA:207,0
DA:208,0
DA:210,0
DA:211,0
DA:212,0
DA:214,0
DA:217,0
DA:218,0
DA:219,0
LF:37
LH:0
BRDA:81,0,0,0
BRDA:83,1,0,0
BRDA:90,2,0,0
BRDA:90,2,1,0
BRDA:90,3,0,0
BRDA:90,3,1,0
BRDA:92,4,0,0
BRDA:92,4,1,0
BRDA:92,5,0,0
BRDA:92,5,1,0
BRDA:96,6,0,0
BRDA:99,7,0,0
BRDA:100,8,0,0
BRDA:109,9,0,0
BRDA:109,9,1,0
BRDA:109,10,0,0
BRDA:109,10,1,0
BRDA:131,11,0,0
BRDA:131,11,1,0
BRDA:150,12,0,0
BRDA:150,12,1,0
BRDA:179,13,0,0
BRDA:179,13,1,0
BRDA:211,14,0,0
BRDA:212,15,0,0
BRDA:212,16,0,0
BRDA:212,16,1,0
BRDA:217,17,0,0
BRDA:217,17,1,0
BRDA:217,17,2,0
BRDA:223,18,0,0
BRDA:223,18,1,0
BRDA:223,18,2,0
BRDA:228,19,0,0
BRDA:228,19,1,0
BRDA:229,20,0,0
BRDA:229,20,1,0
BRDA:241,21,0,0
BRDA:241,21,1,0
BRDA:242,22,0,0
BRDA:242,22,1,0
BRDA:243,23,0,0
BRDA:243,23,1,0
BRDA:243,24,0,0
BRDA:243,24,1,0
BRDA:244,25,0,0
BRDA:244,25,1,0
BRDA:245,26,0,0
BRDA:245,26,1,0
BRDA:246,27,0,0
BRDA:246,27,1,0
BRDA:247,28,0,0
BRDA:247,28,1,0
BRDA:248,29,0,0
BRDA:248,29,1,0
BRDA:251,30,0,0
BRDA:251,30,1,0
BRDA:251,31,0,0
BRDA:251,31,1,0
BRDA:251,31,2,0
BRDA:252,32,0,0
BRDA:252,32,1,0
BRDA:252,33,0,0
BRDA:252,33,1,0
BRDA:252,33,2,0
BRDA:253,34,0,0
BRDA:253,34,1,0
BRDA:262,35,0,0
BRDA:262,35,1,0
BRDA:262,36,0,0
BRDA:262,36,1,0
BRDA:270,37,0,0
BRDA:270,37,1,0
BRF:73
BRH:0
end_of_record
TN:
SF:src\components\PredictiveAnalytics.tsx
FN:16,(anonymous_0)
FN:20,(anonymous_1)
FN:22,(anonymous_2)
FN:70,(anonymous_3)
FN:74,(anonymous_4)
FN:77,(anonymous_5)
FN:87,(anonymous_6)
FN:108,(anonymous_7)
FN:132,(anonymous_8)
FNF:9
FNH:0
FNDA:0,(anonymous_0)
FNDA:0,(anonymous_1)
FNDA:0,(anonymous_2)
FNDA:0,(anonymous_3)
FNDA:0,(anonymous_4)
FNDA:0,(anonymous_5)
FNDA:0,(anonymous_6)
FNDA:0,(anonymous_7)
FNDA:0,(anonymous_8)
DA:1,0
DA:2,0
DA:3,0
DA:4,0
DA:16,0
DA:17,0
DA:18,0
DA:20,0
DA:22,0
DA:23,0
DA:62,0
DA:63,0
DA:67,0
DA:70,0
DA:71,0
DA:74,0
DA:77,0
DA:78,0
DA:79,0
DA:80,0
DA:81,0
DA:82,0
DA:83,0
DA:87,0
DA:88,0
DA:89,0
DA:90,0
DA:91,0
DA:92,0
DA:93,0
DA:97,0
DA:98,0
DA:109,0
DA:116,0
DA:133,0
LF:35
LH:0
BRDA:78,0,0,0
BRDA:78,0,1,0
BRDA:78,0,2,0
BRDA:78,0,3,0
BRDA:78,0,4,0
BRDA:88,1,0,0
BRDA:88,1,1,0
BRDA:88,1,2,0
BRDA:88,1,3,0
BRDA:88,1,4,0
BRDA:97,2,0,0
BRF:11
BRH:0
end_of_record
TN:
SF:src\components\Sidebar.tsx
FN:19,(anonymous_0)
FN:27,(anonymous_1)
FN:44,(anonymous_2)
FN:71,(anonymous_3)
FN:114,(anonymous_4)
FN:122,(anonymous_5)
FN:155,(anonymous_6)
FN:156,(anonymous_7)
FNF:8
FNH:0
FNDA:0,(anonymous_0)
FNDA:0,(anonymous_1)
FNDA:0,(anonymous_2)
FNDA:0,(anonymous_3)
FNDA:0,(anonymous_4)
FNDA:0,(anonymous_5)
FNDA:0,(anonymous_6)
FNDA:0,(anonymous_7)
DA:1,0
DA:2,0
DA:3,0
DA:4,0
DA:19,0
DA:20,0
DA:21,0
DA:22,0
DA:23,0
DA:25,0
DA:27,0
DA:28,0
DA:29,0
DA:32,0
DA:44,0
DA:46,0
DA:53,0
DA:60,0
DA:71,0
DA:115,0
DA:116,0
DA:117,0
DA:122,0
DA:155,0
DA:157,0
DA:158,0
LF:26
LH:0
BRDA:25,0,0,0
BRDA:75,1,0,0
BRDA:75,1,1,0
BRDA:81,2,0,0
BRDA:81,2,1,0
BRDA:121,3,0,0
BRDA:121,3,1,0
BRDA:124,4,0,0
BRDA:124,4,1,0
BRDA:129,5,0,0
BRDA:129,5,1,0
BRDA:153,6,0,0
BRDA:153,6,1,0
BRDA:157,7,0,0
BRDA:157,8,0,0
BRDA:157,8,1,0
BRF:16
BRH:0
end_of_record
TN:
SF:src\context\AuthContext.tsx
FN:32,(anonymous_0)
FN:36,(anonymous_1)
FN:49,(anonymous_2)
FN:52,(anonymous_3)
FN:85,(anonymous_4)
FN:97,(anonymous_5)
FNF:6
FNH:6
FNDA:94,(anonymous_0)
FNDA:27,(anonymous_1)
FNDA:19,(anonymous_2)
FNDA:19,(anonymous_3)
FNDA:2,(anonymous_4)
FNDA:99,(anonymous_5)
DA:1,2
DA:30,2
DA:32,2
DA:33,94
DA:34,94
DA:36,94
DA:38,27
DA:39,27
DA:40,4
DA:41,4
DA:43,1
DA:46,27
DA:49,94
DA:50,19
DA:52,19
DA:54,19
DA:55,19
DA:58,19
DA:59,7
DA:60,7
DA:70,12
DA:71,0
DA:72,12
DA:73,5
DA:74,7
DA:75,7
DA:78,19
DA:79,19
DA:80,19
DA:81,19
DA:82,19
DA:85,94
DA:86,2
DA:87,2
DA:90,94
DA:97,2
DA:98,99
DA:99,98
DA:100,4
DA:102,94
LF:40
LH:39
BRDA:39,0,0,4
BRDA:58,1,0,7
BRDA:58,1,1,12
BRDA:70,2,0,0
BRDA:70,2,1,12
BRDA:72,3,0,5
BRDA:72,3,1,7
BRDA:74,4,0,7
BRDA:99,5,0,4
BRF:9
BRH:8
end_of_record
TN:
SF:src\hooks\useWebSocket.ts
FN:21,(anonymous_0)
FN:41,(anonymous_1)
FN:50,(anonymous_2)
FN:63,(anonymous_3)
FN:67,(anonymous_4)
FN:74,(anonymous_5)
FN:85,(anonymous_6)
FN:96,(anonymous_7)
FN:109,(anonymous_8)
FN:121,(anonymous_9)
FN:124,(anonymous_10)
FN:130,(anonymous_11)
FN:132,(anonymous_12)
FN:183,(anonymous_13)
FN:188,(anonymous_14)
FN:193,(anonymous_15)
FNF:16
FNH:0
FNDA:0,(anonymous_0)
FNDA:0,(anonymous_1)
FNDA:0,(anonymous_2)
FNDA:0,(anonymous_3)
FNDA:0,(anonymous_4)
FNDA:0,(anonymous_5)
FNDA:0,(anonymous_6)
FNDA:0,(anonymous_7)
FNDA:0,(anonymous_8)
FNDA:0,(anonymous_9)
FNDA:0,(anonymous_10)
FNDA:0,(anonymous_11)
FNDA:0,(anonymous_12)
FNDA:0,(anonymous_13)
FNDA:0,(anonymous_14)
FNDA:0,(anonymous_15)
DA:1,0
DA:21,0
DA:22,0
DA:23,0
DA:24,0
DA:26,0
DA:27,0
DA:28,0
DA:39,0
DA:41,0
DA:42,0
DA:43,0
DA:44,0
DA:47,0
DA:48,0
DA:50,0
DA:51,0
DA:52,0
DA:53,0
DA:56,0
DA:63,0
DA:64,0
DA:65,0
DA:66,0
DA:67,0
DA:68,0
DA:70,0
DA:74,0
DA:75,0
DA:76,0
DA:79,0
DA:80,0
DA:81,0
DA:85,0
DA:86,0
DA:87,0
DA:91,0
DA:92,0
DA:96,0
DA:97,0
DA:98,0
DA:101,0
DA:102,0
DA:103,0
DA:106,0
DA:109,0
DA:110,0
DA:111,0
DA:115,0
DA:117,0
DA:121,0
DA:122,0
DA:124,0
DA:125,0
DA:130,0
DA:131,0
DA:132,0
DA:133,0
DA:181,0
DA:182,0
DA:183,0
DA:184,0
DA:188,0
DA:191,0
DA:193,0
DA:197,0
LF:66
LH:0
BRDA:21,0,0,0
BRDA:31,1,0,0
BRDA:37,2,0,0
BRDA:38,3,0,0
BRDA:43,4,0,0
BRDA:79,5,0,0
BRDA:97,6,0,0
BRDA:101,7,0,0
BRDA:110,8,0,0
BRDA:131,9,0,0
BRDA:140,10,0,0
BRDA:140,10,1,0
BRF:12
BRH:0
end_of_record
TN:
SF:src\pages\AIAssistant.tsx
FN:15,(anonymous_0)
FN:26,(anonymous_1)
FN:38,(anonymous_2)
FN:75,(anonymous_3)
FN:78,(anonymous_4)
FN:110,(anonymous_5)
FN:124,(anonymous_6)
FNF:7
FNH:0
FNDA:0,(anonymous_0)
FNDA:0,(anonymous_1)
FNDA:0,(anonymous_2)
FNDA:0,(anonymous_3)
FNDA:0,(anonymous_4)
FNDA:0,(anonymous_5)
FNDA:0,(anonymous_6)
DA:1,0
DA:2,0
DA:3,0
DA:4,0
DA:5,0
DA:6,0
DA:15,0
DA:16,0
DA:17,0
DA:18,0
DA:19,0
DA:20,0
DA:21,0
DA:23,0
DA:26,0
DA:27,0
DA:28,0
DA:29,0
DA:37,0
DA:38,0
DA:40,0
DA:42,0
DA:46,0
DA:76,0
DA:78,0
DA:110,0
DA:124,0
LF:27
LH:0
BRDA:31,0,0,0
BRDA:31,0,1,0
BRDA:33,1,0,0
BRDA:33,1,1,0
BRDA:35,2,0,0
BRDA:35,2,1,0
BRDA:80,3,0,0
BRDA:80,3,1,0
BRDA:144,4,0,0
BRDA:144,4,1,0
BRDA:151,5,0,0
BRDA:151,5,1,0
BRDA:157,6,0,0
BRDA:157,6,1,0
BRF:14
BRH:0
end_of_record
TN:
SF:src\pages\Admin.tsx
FN:41,(anonymous_0)
FN:49,(anonymous_1)
FN:54,(anonymous_2)
FN:60,(anonymous_3)
FN:63,(anonymous_4)
FN:66,(anonymous_5)
FN:73,(anonymous_6)
FN:89,(anonymous_7)
FN:205,(anonymous_8)
FN:272,(anonymous_9)
FN:297,(anonymous_10)
FN:304,(anonymous_11)
FNF:12
FNH:0
FNDA:0,(anonymous_0)
FNDA:0,(anonymous_1)
FNDA:0,(anonymous_2)
FNDA:0,(anonymous_3)
FNDA:0,(anonymous_4)
FNDA:0,(anonymous_5)
FNDA:0,(anonymous_6)
FNDA:0,(anonymous_7)
FNDA:0,(anonymous_8)
FNDA:0,(anonymous_9)
FNDA:0,(anonymous_10)
FNDA:0,(anonymous_11)
DA:1,0
DA:2,0
DA:3,0
DA:4,0
DA:10,0
DA:21,0
DA:31,0
DA:41,0
DA:42,0
DA:43,0
DA:44,0
DA:45,0
DA:46,0
DA:47,0
DA:49,0
DA:50,0
DA:51,0
DA:52,0
DA:53,0
DA:54,0
DA:56,0
DA:60,0
DA:61,0
DA:62,0
DA:63,0
DA:66,0
DA:67,0
DA:68,0
DA:69,0
DA:73,0
DA:74,0
DA:75,0
DA:77,0
DA:78,0
DA:79,0
DA:80,0
DA:81,0
DA:83,0
DA:85,0
DA:89,0
DA:90,0
DA:91,0
DA:92,0
DA:94,0
DA:98,0
DA:99,0
DA:102,0
DA:109,0
DA:205,0
DA:273,0
DA:297,0
DA:304,0
LF:52
LH:0
BRDA:75,0,0,0
BRDA:98,1,0,0
BRDA:125,2,0,0
BRDA:125,2,1,0
BRDA:221,3,0,0
BRDA:221,3,1,0
BRDA:226,4,0,0
BRDA:226,4,1,0
BRDA:269,5,0,0
BRDA:269,5,1,0
BRDA:295,6,0,0
BRDA:295,6,1,0
BRF:12
BRH:0
end_of_record
TN:
SF:src\pages\CrowdMonitor.tsx
FN:35,(anonymous_0)
FN:40,(anonymous_1)
FN:49,(anonymous_2)
FN:51,(anonymous_3)
FN:55,(anonymous_4)
FN:59,(anonymous_5)
FN:67,(anonymous_6)
FN:70,(anonymous_7)
FNF:8
FNH:0
FNDA:0,(anonymous_0)
FNDA:0,(anonymous_1)
FNDA:0,(anonymous_2)
FNDA:0,(anonymous_3)
FNDA:0,(anonymous_4)
FNDA:0,(anonymous_5)
FNDA:0,(anonymous_6)
FNDA:0,(anonymous_7)
DA:1,0
DA:2,0
DA:3,0
DA:4,0
DA:5,0
DA:6,0
DA:12,0
DA:23,0
DA:35,0
DA:36,0
DA:37,0
DA:40,0
DA:41,0
DA:42,0
DA:43,0
DA:45,0
DA:49,0
DA:50,0
DA:51,0
DA:52,0
DA:55,0
DA:56,0
DA:57,0
DA:58,0
DA:59,0
DA:60,0
DA:62,0
DA:63,0
DA:67,0
DA:70,0
DA:72,0
LF:31
LH:0
BRF:0
BRH:0
end_of_record
TN:
SF:src\pages\Dashboard.tsx
FN:23,(anonymous_0)
FN:32,(anonymous_1)
FN:33,(anonymous_2)
FN:66,(anonymous_3)
FN:72,(anonymous_4)
FN:73,(anonymous_5)
FN:80,(anonymous_6)
FN:84,(anonymous_7)
FN:85,(anonymous_8)
FN:86,(anonymous_9)
FN:106,(anonymous_10)
FN:111,(anonymous_11)
FN:118,(anonymous_12)
FN:128,(anonymous_13)
FN:131,(anonymous_14)
FN:229,(anonymous_15)
FN:343,(anonymous_16)
FN:353,(anonymous_17)
FN:404,(anonymous_18)
FNF:19
FNH:0
FNDA:0,(anonymous_0)
FNDA:0,(anonymous_1)
FNDA:0,(anonymous_2)
FNDA:0,(anonymous_3)
FNDA:0,(anonymous_4)
FNDA:0,(anonymous_5)
FNDA:0,(anonymous_6)
FNDA:0,(anonymous_7)
FNDA:0,(anonymous_8)
FNDA:0,(anonymous_9)
FNDA:0,(anonymous_10)
FNDA:0,(anonymous_11)
FNDA:0,(anonymous_12)
FNDA:0,(anonymous_13)
FNDA:0,(anonymous_14)
FNDA:0,(anonymous_15)
FNDA:0,(anonymous_16)
FNDA:0,(anonymous_17)
FNDA:0,(anonymous_18)
DA:1,0
DA:2,0
DA:3,0
DA:4,0
DA:5,0
DA:6,0
DA:7,0
DA:19,0
DA:20,0
DA:21,0
DA:23,0
DA:24,0
DA:25,0
DA:26,0
DA:27,0
DA:28,0
DA:29,0
DA:32,0
DA:33,0
DA:34,0
DA:36,0
DA:39,0
DA:46,0
DA:47,0
DA:50,0
DA:57,0
DA:59,0
DA:63,0
DA:66,0
DA:67,0
DA:72,0
DA:73,0
DA:74,0
DA:75,0
DA:76,0
DA:80,0
DA:84,0
DA:85,0
DA:86,0
DA:87,0
DA:88,0
DA:89,0
DA:90,0
DA:92,0
DA:93,0
DA:94,0
DA:95,0
DA:96,0
DA:97,0
DA:98,0
DA:99,0
DA:100,0
DA:101,0
DA:106,0
DA:107,0
DA:111,0
DA:114,0
DA:115,0
DA:118,0
DA:125,0
DA:128,0
DA:129,0
DA:133,0
DA:134,0
DA:145,0
DA:229,0
DA:344,0
DA:353,0
DA:405,0
LF:69
LH:0
BRDA:74,0,0,0
BRDA:93,1,0,0
BRDA:96,2,0,0
BRDA:99,3,0,0
BRDA:114,4,0,0
BRDA:114,5,0,0
BRDA:114,5,1,0
BRDA:114,5,2,0
BRDA:137,6,0,0
BRDA:137,6,1,0
BRDA:291,7,0,0
BRDA:291,7,1,0
BRDA:291,7,2,0
BRDA:311,8,0,0
BRDA:311,8,1,0
BRDA:312,9,0,0
BRDA:312,9,1,0
BRDA:316,10,0,0
BRDA:316,10,1,0
BRDA:339,11,0,0
BRDA:339,11,1,0
BRDA:356,12,0,0
BRDA:356,12,1,0
BRDA:362,13,0,0
BRDA:362,13,1,0
BRDA:400,14,0,0
BRDA:400,14,1,0
BRDA:414,15,0,0
BRDA:414,15,1,0
BRF:29
BRH:0
end_of_record
TN:
SF:src\pages\Home.tsx
FN:16,(anonymous_0)
FN:20,(anonymous_1)
FN:77,(anonymous_2)
FN:84,(anonymous_3)
FN:99,(anonymous_4)
FN:104,(anonymous_5)
FNF:6
FNH:0
FNDA:0,(anonymous_0)
FNDA:0,(anonymous_1)
FNDA:0,(anonymous_2)
FNDA:0,(anonymous_3)
FNDA:0,(anonymous_4)
FNDA:0,(anonymous_5)
DA:1,0
DA:2,0
DA:3,0
DA:4,0
DA:5,0
DA:16,0
DA:17,0
DA:18,0
DA:20,0
DA:21,0
DA:28,0
DA:29,0
DA:36,0
DA:37,0
DA:43,0
DA:44,0
DA:50,0
DA:53,0
DA:55,0
DA:77,0
DA:84,0
DA:100,0
DA:101,0
DA:104,0
LF:24
LH:0
BRDA:28,0,0,0
BRDA:36,1,0,0
BRDA:43,2,0,0
BRF:3
BRH:0
end_of_record
TN:
SF:src\pages\Login.tsx
FN:16,(anonymous_0)
FN:27,(anonymous_1)
FN:40,(anonymous_2)
FN:111,(anonymous_3)
FN:118,(anonymous_4)
FN:146,(anonymous_5)
FN:165,(anonymous_6)
FNF:7
FNH:0
FNDA:0,(anonymous_0)
FNDA:0,(anonymous_1)
FNDA:0,(anonymous_2)
FNDA:0,(anonymous_3)
FNDA:0,(anonymous_4)
FNDA:0,(anonymous_5)
FNDA:0,(anonymous_6)
DA:1,0
DA:2,0
DA:3,0
DA:4,0
DA:5,0
DA:16,0
DA:17,0
DA:18,0
DA:20,0
DA:21,0
DA:22,0
DA:23,0
DA:24,0
DA:27,0
DA:28,0
DA:29,0
DA:30,0
DA:31,0
DA:32,0
DA:33,0
DA:34,0
DA:35,0
DA:36,0
DA:40,0
DA:41,0
DA:42,0
DA:43,0
DA:44,0
DA:46,0
DA:47,0
DA:49,0
DA:50,0
DA:51,0
DA:53,0
DA:54,0
DA:55,0
DA:56,0
DA:58,0
DA:61,0
DA:64,0
DA:66,0
DA:70,0
DA:77,0
DA:112,0
DA:113,0
DA:114,0
DA:118,0
DA:146,0
DA:165,0
LF:49
LH:0
BRDA:29,0,0,0
BRDA:29,0,1,0
BRDA:31,1,0,0
BRDA:31,1,1,0
BRDA:33,2,0,0
BRDA:33,2,1,0
BRDA:35,3,0,0
BRDA:42,4,0,0
BRDA:51,5,0,0
BRDA:51,5,1,0
BRDA:53,6,0,0
BRDA:53,6,1,0
BRDA:55,7,0,0
BRDA:55,7,1,0
BRDA:99,8,0,0
BRDA:99,8,1,0
BRDA:120,9,0,0
BRDA:120,9,1,0
BRDA:125,10,0,0
BRDA:125,10,1,0
BRDA:177,11,0,0
BRDA:177,11,1,0
BRF:22
BRH:0
end_of_record
TN:
SF:src\pages\Navigation.tsx
FN:15,(anonymous_0)
FN:25,(anonymous_1)
FN:26,(anonymous_2)
FN:28,(anonymous_3)
FN:28,(anonymous_4)
FN:29,(anonymous_5)
FN:29,(anonymous_6)
FN:32,(anonymous_7)
FN:64,(anonymous_8)
FN:75,(anonymous_9)
FN:80,(anonymous_10)
FN:98,(anonymous_11)
FN:138,(anonymous_12)
FN:141,(anonymous_13)
FN:153,(anonymous_14)
FN:156,(anonymous_15)
FN:201,(anonymous_16)
FNF:17
FNH:0
FNDA:0,(anonymous_0)
FNDA:0,(anonymous_1)
FNDA:0,(anonymous_2)
FNDA:0,(anonymous_3)
FNDA:0,(anonymous_4)
FNDA:0,(anonymous_5)
FNDA:0,(anonymous_6)
FNDA:0,(anonymous_7)
FNDA:0,(anonymous_8)
FNDA:0,(anonymous_9)
FNDA:0,(anonymous_10)
FNDA:0,(anonymous_11)
FNDA:0,(anonymous_12)
FNDA:0,(anonymous_13)
FNDA:0,(anonymous_14)
FNDA:0,(anonymous_15)
FNDA:0,(anonymous_16)
DA:1,0
DA:2,0
DA:3,0
DA:4,0
DA:5,0
DA:15,0
DA:16,0
DA:19,0
DA:21,0
DA:22,0
DA:23,0
DA:25,0
DA:26,0
DA:28,0
DA:29,0
DA:32,0
DA:33,0
DA:34,0
DA:35,0
DA:37,0
DA:41,0
DA:42,0
DA:43,0
DA:45,0
DA:46,0
DA:49,0
DA:50,0
DA:51,0
DA:52,0
DA:53,0
DA:54,0
DA:55,0
DA:56,0
DA:59,0
DA:62,0
DA:64,0
DA:65,0
DA:66,0
DA:67,0
DA:68,0
DA:71,0
DA:74,0
DA:75,0
DA:76,0
DA:77,0
DA:80,0
DA:81,0
DA:84,0
DA:98,0
DA:138,0
DA:142,0
DA:153,0
DA:157,0
DA:202,0
LF:54
LH:0
BRDA:21,0,0,0
BRDA:21,0,1,0
BRDA:35,1,0,0
BRDA:35,2,0,0
BRDA:35,2,1,0
BRDA:41,3,0,0
BRDA:41,3,1,0
BRDA:49,4,0,0
BRDA:49,4,1,0
BRDA:51,5,0,0
BRDA:51,5,1,0
BRDA:53,6,0,0
BRDA:53,6,1,0
BRDA:55,7,0,0
BRDA:65,8,0,0
BRDA:71,9,0,0
BRDA:71,9,1,0
BRDA:71,10,0,0
BRDA:71,10,1,0
BRDA:100,11,0,0
BRDA:100,11,1,0
BRDA:172,12,0,0
BRDA:172,12,1,0
BRDA:178,13,0,0
BRDA:178,13,1,0
BRDA:186,14,0,0
BRDA:186,14,1,0
BRDA:195,15,0,0
BRDA:195,15,1,0
BRF:29
BRH:0
end_of_record
TN:
SF:src\pages\Reports.tsx
FN:15,(anonymous_0)
FN:29,(anonymous_1)
FN:38,(anonymous_2)
FN:42,(anonymous_3)
FN:47,(anonymous_4)
FN:73,(anonymous_5)
FN:82,(anonymous_6)
FN:153,(anonymous_7)
FN:166,(anonymous_8)
FN:182,(anonymous_9)
FN:200,(anonymous_10)
FN:203,(anonymous_11)
FN:218,(anonymous_12)
FN:267,(anonymous_13)
FN:328,(anonymous_14)
FN:335,(anonymous_15)
FNF:16
FNH:0
FNDA:0,(anonymous_0)
FNDA:0,(anonymous_1)
FNDA:0,(anonymous_2)
FNDA:0,(anonymous_3)
FNDA:0,(anonymous_4)
FNDA:0,(anonymous_5)
FNDA:0,(anonymous_6)
FNDA:0,(anonymous_7)
FNDA:0,(anonymous_8)
FNDA:0,(anonymous_9)
FNDA:0,(anonymous_10)
FNDA:0,(anonymous_11)
FNDA:0,(anonymous_12)
FNDA:0,(anonymous_13)
FNDA:0,(anonymous_14)
FNDA:0,(anonymous_15)
DA:1,0
DA:2,0
DA:3,0
DA:4,0
DA:5,0
DA:15,0
DA:16,0
DA:18,0
DA:19,0
DA:20,0
DA:21,0
DA:22,0
DA:23,0
DA:25,0
DA:26,0
DA:27,0
DA:29,0
DA:30,0
DA:31,0
DA:32,0
DA:34,0
DA:38,0
DA:39,0
DA:42,0
DA:44,0
DA:47,0
DA:48,0
DA:49,0
DA:51,0
DA:52,0
DA:54,0
DA:55,0
DA:64,0
DA:65,0
DA:66,0
DA:67,0
DA:70,0
DA:73,0
DA:75,0
DA:77,0
DA:82,0
DA:83,0
DA:84,0
DA:85,0
DA:87,0
DA:91,0
DA:98,0
DA:105,0
DA:118,0
DA:153,0
DA:166,0
DA:182,0
DA:200,0
DA:204,0
DA:218,0
DA:268,0
DA:270,0
DA:328,0
DA:335,0
LF:59
LH:0
BRDA:49,0,0,0
BRDA:49,1,0,0
BRDA:49,1,1,0
BRDA:61,2,0,0
BRDA:61,2,1,0
BRDA:138,3,0,0
BRDA:138,3,1,0
BRDA:233,4,0,0
BRDA:233,4,1,0
BRDA:240,5,0,0
BRDA:240,5,1,0
BRDA:250,6,0,0
BRDA:250,6,1,0
BRDA:264,7,0,0
BRDA:264,7,1,0
BRDA:294,8,0,0
BRDA:294,8,1,0
BRDA:296,9,0,0
BRDA:296,9,1,0
BRDA:324,10,0,0
BRDA:324,10,1,0
BRDA:324,10,2,0
BRDA:324,10,3,0
BRDA:326,11,0,0
BRDA:326,11,1,0
BRF:25
BRH:0
end_of_record
TN:
SF:src\pages\Sustainability.tsx
FN:34,(anonymous_0)
FN:39,(anonymous_1)
FN:48,(anonymous_2)
FN:50,(anonymous_3)
FN:53,(anonymous_4)
FN:56,(anonymous_5)
FN:58,(anonymous_6)
FNF:7
FNH:0
FNDA:0,(anonymous_0)
FNDA:0,(anonymous_1)
FNDA:0,(anonymous_2)
FNDA:0,(anonymous_3)
FNDA:0,(anonymous_4)
FNDA:0,(anonymous_5)
FNDA:0,(anonymous_6)
DA:1,0
DA:2,0
DA:3,0
DA:4,0
DA:5,0
DA:14,0
DA:24,0
DA:34,0
DA:35,0
DA:36,0
DA:37,0
DA:39,0
DA:40,0
DA:41,0
DA:42,0
DA:44,0
DA:48,0
DA:49,0
DA:50,0
DA:51,0
DA:53,0
DA:56,0
DA:57,0
DA:58,0
DA:59,0
DA:60,0
DA:64,0
DA:65,0
DA:68,0
LF:29
LH:0
BRDA:64,0,0,0
BRDA:83,1,0,0
BRDA:83,1,1,0
BRF:3
BRH:0
end_of_record
TN:
SF:src\pages\Transport.tsx
FN:26,(anonymous_0)
FN:43,(anonymous_1)
FN:45,(anonymous_2)
FN:47,(anonymous_3)
FN:47,(anonymous_4)
FN:56,(anonymous_5)
FN:56,(anonymous_6)
FN:71,(anonymous_7)
FN:73,(anonymous_8)
FN:106,(anonymous_9)
FN:145,(anonymous_10)
FNF:11
FNH:0
FNDA:0,(anonymous_0)
FNDA:0,(anonymous_1)
FNDA:0,(anonymous_2)
FNDA:0,(anonymous_3)
FNDA:0,(anonymous_4)
FNDA:0,(anonymous_5)
FNDA:0,(anonymous_6)
FNDA:0,(anonymous_7)
FNDA:0,(anonymous_8)
FNDA:0,(anonymous_9)
FNDA:0,(anonymous_10)
DA:1,0
DA:2,0
DA:3,0
DA:26,0
DA:27,0
DA:28,0
DA:35,0
DA:43,0
DA:44,0
DA:45,0
DA:47,0
DA:48,0
DA:49,0
DA:50,0
DA:51,0
DA:52,0
DA:56,0
DA:57,0
DA:58,0
DA:59,0
DA:60,0
DA:61,0
DA:62,0
DA:63,0
DA:65,0
DA:67,0
DA:71,0
DA:72,0
DA:73,0
DA:76,0
DA:107,0
DA:108,0
DA:109,0
DA:111,0
DA:146,0
DA:147,0
LF:36
LH:0
BRDA:51,0,0,0
BRDA:51,0,1,0
BRDA:51,1,0,0
BRDA:51,1,1,0
BRDA:59,2,0,0
BRDA:59,2,1,0
BRDA:62,3,0,0
BRDA:92,4,0,0
BRDA:92,4,1,0
BRDA:115,5,0,0
BRDA:115,5,1,0
BRDA:115,6,0,0
BRDA:115,6,1,0
BRDA:123,7,0,0
BRDA:123,7,1,0
BRDA:125,8,0,0
BRDA:125,8,1,0
BRDA:162,9,0,0
BRDA:162,9,1,0
BRDA:169,10,0,0
BRDA:169,10,1,0
BRF:21
BRH:0
end_of_record
TN:
SF:src\utils\aiModels.ts
FN:35,(anonymous_0)
FN:39,(anonymous_1)
FN:78,(anonymous_2)
FN:87,(anonymous_3)
FN:143,(anonymous_4)
FN:163,(anonymous_5)
FN:193,(anonymous_6)
FN:238,(anonymous_7)
FN:241,(anonymous_8)
FN:255,(anonymous_9)
FN:291,(anonymous_10)
FN:293,(anonymous_11)
FN:296,(anonymous_12)
FN:299,(anonymous_13)
FN:308,(anonymous_14)
FN:312,(anonymous_15)
FN:314,(anonymous_16)
FN:319,(anonymous_17)
FN:326,(anonymous_18)
FN:348,(anonymous_19)
FN:350,(anonymous_20)
FN:360,(anonymous_21)
FN:362,(anonymous_22)
FN:365,(anonymous_23)
FN:376,(anonymous_24)
FN:380,(anonymous_25)
FN:382,(anonymous_26)
FN:391,(anonymous_27)
FN:398,(anonymous_28)
FN:416,(anonymous_29)
FN:432,(anonymous_30)
FN:448,(anonymous_31)
FN:453,(anonymous_32)
FN:458,(anonymous_33)
FN:461,(anonymous_34)
FN:462,(anonymous_35)
FN:467,(anonymous_36)
FNF:37
FNH:0
FNDA:0,(anonymous_0)
FNDA:0,(anonymous_1)
FNDA:0,(anonymous_2)
FNDA:0,(anonymous_3)
FNDA:0,(anonymous_4)
FNDA:0,(anonymous_5)
FNDA:0,(anonymous_6)
FNDA:0,(anonymous_7)
FNDA:0,(anonymous_8)
FNDA:0,(anonymous_9)
FNDA:0,(anonymous_10)
FNDA:0,(anonymous_11)
FNDA:0,(anonymous_12)
FNDA:0,(anonymous_13)
FNDA:0,(anonymous_14)
FNDA:0,(anonymous_15)
FNDA:0,(anonymous_16)
FNDA:0,(anonymous_17)
FNDA:0,(anonymous_18)
FNDA:0,(anonymous_19)
FNDA:0,(anonymous_20)
FNDA:0,(anonymous_21)
FNDA:0,(anonymous_22)
FNDA:0,(anonymous_23)
FNDA:0,(anonymous_24)
FNDA:0,(anonymous_25)
FNDA:0,(anonymous_26)
FNDA:0,(anonymous_27)
FNDA:0,(anonymous_28)
FNDA:0,(anonymous_29)
FNDA:0,(anonymous_30)
FNDA:0,(anonymous_31)
FNDA:0,(anonymous_32)
FNDA:0,(anonymous_33)
FNDA:0,(anonymous_34)
FNDA:0,(anonymous_35)
FNDA:0,(anonymous_36)
DA:31,0
DA:32,0
DA:33,0
DA:36,0
DA:40,0
DA:78,0
DA:79,0
DA:80,0
DA:94,0
DA:97,0
DA:99,0
DA:102,0
DA:113,0
DA:114,0
DA:117,0
DA:119,0
DA:121,0
DA:144,0
DA:146,0
DA:148,0
DA:151,0
DA:152,0
DA:153,0
DA:155,0
DA:162,0
DA:163,0
DA:164,0
DA:167,0
DA:168,0
DA:170,0
DA:194,0
DA:196,0
DA:198,0
DA:200,0
DA:210,0
DA:211,0
DA:212,0
DA:214,0
DA:239,0
DA:241,0
DA:242,0
DA:249,0
DA:256,0
DA:257,0
DA:259,0
DA:260,0
DA:264,0
DA:265,0
DA:268,0
DA:269,0
DA:270,0
DA:273,0
DA:274,0
DA:275,0
DA:278,0
DA:279,0
DA:281,0
DA:283,0
DA:292,0
DA:293,0
DA:298,0
DA:299,0
DA:300,0
DA:301,0
DA:305,0
DA:309,0
DA:314,0
DA:315,0
DA:316,0
DA:320,0
DA:321,0
DA:322,0
DA:323,0
DA:327,0
DA:329,0
DA:330,0
DA:331,0
DA:332,0
DA:335,0
DA:336,0
DA:337,0
DA:340,0
DA:341,0
DA:342,0
DA:345,0
DA:349,0
DA:350,0
DA:351,0
DA:354,0
DA:355,0
DA:357,0
DA:361,0
DA:362,0
DA:366,0
DA:373,0
DA:377,0
DA:378,0
DA:380,0
DA:381,0
DA:382,0
DA:383,0
DA:385,0
DA:388,0
DA:392,0
DA:393,0
DA:394,0
DA:395,0
DA:399,0
DA:407,0
DA:409,0
DA:410,0
DA:413,0
DA:417,0
DA:425,0
DA:426,0
DA:427,0
DA:429,0
DA:433,0
DA:449,0
DA:450,0
DA:454,0
DA:455,0
DA:459,0
DA:461,0
DA:462,0
DA:464,0
DA:468,0
DA:469,0
DA:470,0
DA:475,0
LF:130
LH:0
BRDA:105,0,0,0
BRDA:105,0,1,0
BRDA:105,1,0,0
BRDA:105,1,1,0
BRDA:124,2,0,0
BRDA:124,2,1,0
BRDA:124,3,0,0
BRDA:124,3,1,0
BRDA:124,4,0,0
BRDA:124,4,1,0
BRDA:164,5,0,0
BRDA:164,5,1,0
BRDA:174,6,0,0
BRDA:174,6,1,0
BRDA:259,7,0,0
BRDA:278,8,0,0
BRDA:278,8,1,0
BRDA:320,9,0,0
BRDA:321,10,0,0
BRDA:322,11,0,0
BRDA:329,12,0,0
BRDA:335,13,0,0
BRDA:340,14,0,0
BRDA:351,15,0,0
BRDA:351,15,1,0
BRDA:355,16,0,0
BRDA:355,16,1,0
BRDA:362,17,0,0
BRDA:362,17,1,0
BRDA:373,18,0,0
BRDA:373,18,1,0
BRDA:392,19,0,0
BRDA:393,20,0,0
BRDA:394,21,0,0
BRDA:407,22,0,0
BRDA:407,22,1,0
BRDA:409,23,0,0
BRDA:425,24,0,0
BRDA:425,24,1,0
BRDA:426,25,0,0
BRDA:426,25,1,0
BRDA:436,26,0,0
BRDA:436,26,1,0
BRDA:459,27,0,0
BRF:44
BRH:0
end_of_record
TN:
SF:src\utils\performanceMonitor.ts
FN:53,(anonymous_0)
FN:61,(anonymous_1)
FN:67,(anonymous_2)
FN:78,(anonymous_3)
FN:88,(anonymous_4)
FN:95,(anonymous_5)
FN:112,(anonymous_6)
FN:140,(anonymous_7)
FN:152,(anonymous_8)
FN:163,(anonymous_9)
FN:164,(anonymous_10)
FN:166,(anonymous_11)
FN:176,(anonymous_12)
FN:180,(anonymous_13)
FN:185,(anonymous_14)
FN:190,(anonymous_15)
FN:198,(anonymous_16)
FN:201,(anonymous_17)
FN:208,(anonymous_18)
FN:214,(anonymous_19)
FN:216,(anonymous_20)
FN:227,(anonymous_21)
FN:252,(anonymous_22)
FN:272,(anonymous_23)
FN:276,(anonymous_24)
FN:292,(anonymous_25)
FN:300,(anonymous_26)
FN:317,(anonymous_27)
FN:343,(anonymous_28)
FN:345,(anonymous_29)
FN:348,(anonymous_30)
FN:351,(anonymous_31)
FN:356,(anonymous_32)
FN:379,(anonymous_33)
FN:381,(anonymous_34)
FN:382,(anonymous_35)
FN:398,(anonymous_36)
FN:409,(anonymous_37)
FN:414,(anonymous_38)
FN:422,(anonymous_39)
FN:430,(anonymous_40)
FN:436,(anonymous_41)
FN:445,(anonymous_42)
FN:452,(anonymous_43)
FN:464,(anonymous_44)
FNF:45
FNH:0
FNDA:0,(anonymous_0)
FNDA:0,(anonymous_1)
FNDA:0,(anonymous_2)
FNDA:0,(anonymous_3)
FNDA:0,(anonymous_4)
FNDA:0,(anonymous_5)
FNDA:0,(anonymous_6)
FNDA:0,(anonymous_7)
FNDA:0,(anonymous_8)
FNDA:0,(anonymous_9)
FNDA:0,(anonymous_10)
FNDA:0,(anonymous_11)
FNDA:0,(anonymous_12)
FNDA:0,(anonymous_13)
FNDA:0,(anonymous_14)
FNDA:0,(anonymous_15)
FNDA:0,(anonymous_16)
FNDA:0,(anonymous_17)
FNDA:0,(anonymous_18)
FNDA:0,(anonymous_19)
FNDA:0,(anonymous_20)
FNDA:0,(anonymous_21)
FNDA:0,(anonymous_22)
FNDA:0,(anonymous_23)
FNDA:0,(anonymous_24)
FNDA:0,(anonymous_25)
FNDA:0,(anonymous_26)
FNDA:0,(anonymous_27)
FNDA:0,(anonymous_28)
FNDA:0,(anonymous_29)
FNDA:0,(anonymous_30)
FNDA:0,(anonymous_31)
FNDA:0,(anonymous_32)
FNDA:0,(anonymous_33)
FNDA:0,(anonymous_34)
FNDA:0,(anonymous_35)
FNDA:0,(anonymous_36)
FNDA:0,(anonymous_37)
FNDA:0,(anonymous_38)
FNDA:0,(anonymous_39)
FNDA:0,(anonymous_40)
FNDA:0,(anonymous_41)
FNDA:0,(anonymous_42)
FNDA:0,(anonymous_43)
FNDA:0,(anonymous_44)
DA:48,0
DA:49,0
DA:50,0
DA:51,0
DA:54,0
DA:55,0
DA:62,0
DA:64,0
DA:65,0
DA:67,0
DA:68,0
DA:72,0
DA:79,0
DA:81,0
DA:83,0
DA:84,0
DA:85,0
DA:88,0
DA:89,0
DA:96,0
DA:97,0
DA:99,0
DA:116,0
DA:117,0
DA:119,0
DA:120,0
DA:121,0
DA:122,0
DA:124,0
DA:125,0
DA:127,0
DA:128,0
DA:130,0
DA:132,0
DA:133,0
DA:141,0
DA:142,0
DA:144,0
DA:145,0
DA:153,0
DA:155,0
DA:156,0
DA:164,0
DA:165,0
DA:166,0
DA:168,0
DA:169,0
DA:170,0
DA:178,0
DA:180,0
DA:181,0
DA:185,0
DA:186,0
DA:190,0
DA:191,0
DA:192,0
DA:199,0
DA:201,0
DA:202,0
DA:203,0
DA:204,0
DA:208,0
DA:209,0
DA:215,0
DA:216,0
DA:217,0
DA:220,0
DA:221,0
DA:223,0
DA:229,0
DA:230,0
DA:231,0
DA:234,0
DA:235,0
DA:239,0
DA:240,0
DA:241,0
DA:242,0
DA:246,0
DA:249,0
DA:253,0
DA:254,0
DA:255,0
DA:256,0
DA:257,0
DA:265,0
DA:273,0
DA:274,0
DA:276,0
DA:277,0
DA:278,0
DA:280,0
DA:281,0
DA:282,0
DA:283,0
DA:286,0
DA:289,0
DA:294,0
DA:295,0
DA:296,0
DA:297,0
DA:301,0
DA:309,0
DA:310,0
DA:311,0
DA:314,0
DA:318,0
DA:327,0
DA:328,0
DA:330,0
DA:332,0
DA:333,0
DA:336,0
DA:337,0
DA:340,0
DA:344,0
DA:345,0
DA:346,0
DA:348,0
DA:352,0
DA:353,0
DA:357,0
DA:359,0
DA:380,0
DA:381,0
DA:382,0
DA:384,0
DA:385,0
DA:386,0
DA:389,0
DA:390,0
DA:392,0
DA:393,0
DA:395,0
DA:399,0
DA:401,0
DA:402,0
DA:405,0
DA:406,0
DA:409,0
DA:410,0
DA:411,0
DA:414,0
DA:415,0
DA:416,0
DA:419,0
DA:423,0
DA:425,0
DA:426,0
DA:427,0
DA:430,0
DA:431,0
DA:432,0
DA:433,0
DA:436,0
DA:437,0
DA:438,0
DA:439,0
DA:442,0
DA:446,0
DA:448,0
DA:449,0
DA:452,0
DA:453,0
DA:454,0
DA:457,0
DA:458,0
DA:459,0
DA:461,0
DA:466,0
DA:476,0
DA:479,0
DA:480,0
LF:173
LH:0
BRDA:61,0,0,0
BRDA:62,1,0,0
BRDA:79,2,0,0
BRDA:83,3,0,0
BRDA:142,4,0,0
BRDA:142,4,1,0
BRDA:144,5,0,0
BRDA:155,6,0,0
BRDA:168,7,0,0
BRDA:178,8,0,0
BRDA:191,9,0,0
BRDA:199,10,0,0
BRDA:234,11,0,0
BRDA:234,12,0,0
BRDA:234,12,1,0
BRDA:239,13,0,0
BRDA:241,14,0,0
BRDA:241,14,1,0
BRDA:242,15,0,0
BRDA:242,15,1,0
BRDA:253,16,0,0
BRDA:280,17,0,0
BRDA:302,18,0,0
BRDA:302,18,1,0
BRDA:310,19,0,0
BRDA:310,19,1,0
BRDA:328,20,0,0
BRDA:330,21,0,0
BRDA:330,21,1,0
BRDA:332,22,0,0
BRDA:333,23,0,0
BRDA:336,24,0,0
BRDA:337,25,0,0
BRDA:352,26,0,0
BRDA:352,26,1,0
BRDA:389,27,0,0
BRDA:389,27,1,0
BRDA:390,28,0,0
BRDA:392,29,0,0
BRDA:392,29,1,0
BRDA:393,30,0,0
BRDA:401,31,0,0
BRDA:405,32,0,0
BRDA:409,33,0,0
BRDA:409,33,1,0
BRDA:410,34,0,0
BRDA:414,35,0,0
BRDA:414,35,1,0
BRDA:415,36,0,0
BRDA:425,37,0,0
BRDA:430,38,0,0
BRDA:430,38,1,0
BRDA:431,39,0,0
BRDA:436,40,0,0
BRDA:436,40,1,0
BRDA:437,41,0,0
BRDA:448,42,0,0
BRDA:453,43,0,0
BRDA:453,44,0,0
BRDA:453,44,1,0
BRDA:470,45,0,0
BRDA:470,45,1,0
BRDA:479,46,0,0
BRF:63
BRH:0
end_of_record
